Determining if the pthread_create exist failed with the following output:
Change Dir: /home/mivia/pepper_ros_ws/build/pepper_description/CMakeFiles/CMakeTmp

Run Build Command:"/usr/bin/make" "cmTC_01aae/fast"
/usr/bin/make -f CMakeFiles/cmTC_01aae.dir/build.make CMakeFiles/cmTC_01aae.dir/build
make[1]: Entering directory '/home/mivia/pepper_ros_ws/build/pepper_description/CMakeFiles/CMakeTmp'
Building C object CMakeFiles/cmTC_01aae.dir/CheckSymbolExists.c.o
/usr/bin/cc    -o CMakeFiles/cmTC_01aae.dir/CheckSymbolExists.c.o   -c /home/mivia/pepper_ros_ws/build/pepper_description/CMakeFiles/CMakeTmp/CheckSymbolExists.c
Linking C executable cmTC_01aae
/usr/bin/cmake -E cmake_link_script CMakeFiles/cmTC_01aae.dir/link.txt --verbose=1
/usr/bin/cc      -rdynamic CMakeFiles/cmTC_01aae.dir/CheckSymbolExists.c.o  -o cmTC_01aae 
CMakeFiles/cmTC_01aae.dir/CheckSymbolExists.c.o: In function `main':
CheckSymbolExists.c:(.text+0x1b): undefined reference to `pthread_create'
collect2: error: ld returned 1 exit status
CMakeFiles/cmTC_01aae.dir/build.make:97: recipe for target 'cmTC_01aae' failed
make[1]: *** [cmTC_01aae] Error 1
make[1]: Leaving directory '/home/mivia/pepper_ros_ws/build/pepper_description/CMakeFiles/CMakeTmp'
Makefile:126: recipe for target 'cmTC_01aae/fast' failed
make: *** [cmTC_01aae/fast] Error 2

File /home/mivia/pepper_ros_ws/build/pepper_description/CMakeFiles/CMakeTmp/CheckSymbolExists.c:
/* */
#include <pthread.h>

int main(int argc, char** argv)
{
  (void)argv;
#ifndef pthread_create
  return ((int*)(&pthread_create))[argc];
#else
  (void)argc;
  return 0;
#endif
}

Determining if the function pthread_create exists in the pthreads failed with the following output:
Change Dir: /home/mivia/pepper_ros_ws/build/pepper_description/CMakeFiles/CMakeTmp

Run Build Command:"/usr/bin/make" "cmTC_848cc/fast"
/usr/bin/make -f CMakeFiles/cmTC_848cc.dir/build.make CMakeFiles/cmTC_848cc.dir/build
make[1]: Entering directory '/home/mivia/pepper_ros_ws/build/pepper_description/CMakeFiles/CMakeTmp'
Building C object CMakeFiles/cmTC_848cc.dir/CheckFunctionExists.c.o
/usr/bin/cc   -DCHECK_FUNCTION_EXISTS=pthread_create   -o CMakeFiles/cmTC_848cc.dir/CheckFunctionExists.c.o   -c /usr/share/cmake-3.10/Modules/CheckFunctionExists.c
Linking C executable cmTC_848cc
/usr/bin/cmake -E cmake_link_script CMakeFiles/cmTC_848cc.dir/link.txt --verbose=1
/usr/bin/cc  -DCHECK_FUNCTION_EXISTS=pthread_create    -rdynamic CMakeFiles/cmTC_848cc.dir/CheckFunctionExists.c.o  -o cmTC_848cc -lpthreads 
/usr/bin/ld: cannot find -lpthreads
collect2: error: ld returned 1 exit status
CMakeFiles/cmTC_848cc.dir/build.make:97: recipe for target 'cmTC_848cc' failed
make[1]: *** [cmTC_848cc] Error 1
make[1]: Leaving directory '/home/mivia/pepper_ros_ws/build/pepper_description/CMakeFiles/CMakeTmp'
Makefile:126: recipe for target 'cmTC_848cc/fast' failed
make: *** [cmTC_848cc/fast] Error 2


