Determining if the pthread_create exist failed with the following output:
Change Dir: /home/mivia/pepper_ros_ws/build/naoqi_pose/CMakeFiles/CMakeTmp

Run Build Command:"/usr/bin/make" "cmTC_03185/fast"
/usr/bin/make -f CMakeFiles/cmTC_03185.dir/build.make CMakeFiles/cmTC_03185.dir/build
make[1]: Entering directory '/home/mivia/pepper_ros_ws/build/naoqi_pose/CMakeFiles/CMakeTmp'
Building C object CMakeFiles/cmTC_03185.dir/CheckSymbolExists.c.o
/usr/bin/cc    -o CMakeFiles/cmTC_03185.dir/CheckSymbolExists.c.o   -c /home/mivia/pepper_ros_ws/build/naoqi_pose/CMakeFiles/CMakeTmp/CheckSymbolExists.c
Linking C executable cmTC_03185
/usr/bin/cmake -E cmake_link_script CMakeFiles/cmTC_03185.dir/link.txt --verbose=1
/usr/bin/cc      -rdynamic CMakeFiles/cmTC_03185.dir/CheckSymbolExists.c.o  -o cmTC_03185 
CMakeFiles/cmTC_03185.dir/CheckSymbolExists.c.o: In function `main':
CheckSymbolExists.c:(.text+0x1b): undefined reference to `pthread_create'
collect2: error: ld returned 1 exit status
CMakeFiles/cmTC_03185.dir/build.make:97: recipe for target 'cmTC_03185' failed
make[1]: *** [cmTC_03185] Error 1
make[1]: Leaving directory '/home/mivia/pepper_ros_ws/build/naoqi_pose/CMakeFiles/CMakeTmp'
Makefile:126: recipe for target 'cmTC_03185/fast' failed
make: *** [cmTC_03185/fast] Error 2

File /home/mivia/pepper_ros_ws/build/naoqi_pose/CMakeFiles/CMakeTmp/CheckSymbolExists.c:
/* */
#include <pthread.h>

int main(int argc, char** argv)
{
  (void)argv;
#ifndef pthread_create
  return ((int*)(&pthread_create))[argc];
#else
  (void)argc;
  return 0;
#endif
}

Determining if the function pthread_create exists in the pthreads failed with the following output:
Change Dir: /home/mivia/pepper_ros_ws/build/naoqi_pose/CMakeFiles/CMakeTmp

Run Build Command:"/usr/bin/make" "cmTC_e0537/fast"
/usr/bin/make -f CMakeFiles/cmTC_e0537.dir/build.make CMakeFiles/cmTC_e0537.dir/build
make[1]: Entering directory '/home/mivia/pepper_ros_ws/build/naoqi_pose/CMakeFiles/CMakeTmp'
Building C object CMakeFiles/cmTC_e0537.dir/CheckFunctionExists.c.o
/usr/bin/cc   -DCHECK_FUNCTION_EXISTS=pthread_create   -o CMakeFiles/cmTC_e0537.dir/CheckFunctionExists.c.o   -c /usr/share/cmake-3.10/Modules/CheckFunctionExists.c
Linking C executable cmTC_e0537
/usr/bin/cmake -E cmake_link_script CMakeFiles/cmTC_e0537.dir/link.txt --verbose=1
/usr/bin/cc  -DCHECK_FUNCTION_EXISTS=pthread_create    -rdynamic CMakeFiles/cmTC_e0537.dir/CheckFunctionExists.c.o  -o cmTC_e0537 -lpthreads 
/usr/bin/ld: cannot find -lpthreads
collect2: error: ld returned 1 exit status
CMakeFiles/cmTC_e0537.dir/build.make:97: recipe for target 'cmTC_e0537' failed
make[1]: *** [cmTC_e0537] Error 1
make[1]: Leaving directory '/home/mivia/pepper_ros_ws/build/naoqi_pose/CMakeFiles/CMakeTmp'
Makefile:126: recipe for target 'cmTC_e0537/fast' failed
make: *** [cmTC_e0537/fast] Error 2


