Determining if the pthread_create exist failed with the following output:
Change Dir: /home/mivia/pepper_ros_ws/build/vision_msgs/CMakeFiles/CMakeTmp

Run Build Command:"/usr/bin/make" "cmTC_cbaff/fast"
/usr/bin/make -f CMakeFiles/cmTC_cbaff.dir/build.make CMakeFiles/cmTC_cbaff.dir/build
make[1]: Entering directory '/home/mivia/pepper_ros_ws/build/vision_msgs/CMakeFiles/CMakeTmp'
Building C object CMakeFiles/cmTC_cbaff.dir/CheckSymbolExists.c.o
/usr/bin/cc    -o CMakeFiles/cmTC_cbaff.dir/CheckSymbolExists.c.o   -c /home/mivia/pepper_ros_ws/build/vision_msgs/CMakeFiles/CMakeTmp/CheckSymbolExists.c
Linking C executable cmTC_cbaff
/usr/bin/cmake -E cmake_link_script CMakeFiles/cmTC_cbaff.dir/link.txt --verbose=1
/usr/bin/cc      -rdynamic CMakeFiles/cmTC_cbaff.dir/CheckSymbolExists.c.o  -o cmTC_cbaff 
CMakeFiles/cmTC_cbaff.dir/CheckSymbolExists.c.o: In function `main':
CheckSymbolExists.c:(.text+0x1b): undefined reference to `pthread_create'
collect2: error: ld returned 1 exit status
CMakeFiles/cmTC_cbaff.dir/build.make:97: recipe for target 'cmTC_cbaff' failed
make[1]: *** [cmTC_cbaff] Error 1
make[1]: Leaving directory '/home/mivia/pepper_ros_ws/build/vision_msgs/CMakeFiles/CMakeTmp'
Makefile:126: recipe for target 'cmTC_cbaff/fast' failed
make: *** [cmTC_cbaff/fast] Error 2

File /home/mivia/pepper_ros_ws/build/vision_msgs/CMakeFiles/CMakeTmp/CheckSymbolExists.c:
/* */
#include <pthread.h>

int main(int argc, char** argv)
{
  (void)argv;
#ifndef pthread_create
  return ((int*)(&pthread_create))[argc];
#else
  (void)argc;
  return 0;
#endif
}

Determining if the function pthread_create exists in the pthreads failed with the following output:
Change Dir: /home/mivia/pepper_ros_ws/build/vision_msgs/CMakeFiles/CMakeTmp

Run Build Command:"/usr/bin/make" "cmTC_9793d/fast"
/usr/bin/make -f CMakeFiles/cmTC_9793d.dir/build.make CMakeFiles/cmTC_9793d.dir/build
make[1]: Entering directory '/home/mivia/pepper_ros_ws/build/vision_msgs/CMakeFiles/CMakeTmp'
Building C object CMakeFiles/cmTC_9793d.dir/CheckFunctionExists.c.o
/usr/bin/cc   -DCHECK_FUNCTION_EXISTS=pthread_create   -o CMakeFiles/cmTC_9793d.dir/CheckFunctionExists.c.o   -c /usr/share/cmake-3.10/Modules/CheckFunctionExists.c
Linking C executable cmTC_9793d
/usr/bin/cmake -E cmake_link_script CMakeFiles/cmTC_9793d.dir/link.txt --verbose=1
/usr/bin/cc  -DCHECK_FUNCTION_EXISTS=pthread_create    -rdynamic CMakeFiles/cmTC_9793d.dir/CheckFunctionExists.c.o  -o cmTC_9793d -lpthreads 
/usr/bin/ld: cannot find -lpthreads
collect2: error: ld returned 1 exit status
CMakeFiles/cmTC_9793d.dir/build.make:97: recipe for target 'cmTC_9793d' failed
make[1]: *** [cmTC_9793d] Error 1
make[1]: Leaving directory '/home/mivia/pepper_ros_ws/build/vision_msgs/CMakeFiles/CMakeTmp'
Makefile:126: recipe for target 'cmTC_9793d/fast' failed
make: *** [cmTC_9793d/fast] Error 2


