Determining if the pthread_create exist failed with the following output:
Change Dir: /home/ciccio/Robotica_Cognitiva/pepper_ros/build/naoqi_bridge_msgs/CMakeFiles/CMakeTmp

Run Build Command:"/usr/bin/make" "cmTC_a9a4c/fast"
/usr/bin/make -f CMakeFiles/cmTC_a9a4c.dir/build.make CMakeFiles/cmTC_a9a4c.dir/build
make[1]: Entering directory '/home/ciccio/Robotica_Cognitiva/pepper_ros/build/naoqi_bridge_msgs/CMakeFiles/CMakeTmp'
Building C object CMakeFiles/cmTC_a9a4c.dir/CheckSymbolExists.c.o
/usr/bin/cc    -o CMakeFiles/cmTC_a9a4c.dir/CheckSymbolExists.c.o   -c /home/ciccio/Robotica_Cognitiva/pepper_ros/build/naoqi_bridge_msgs/CMakeFiles/CMakeTmp/CheckSymbolExists.c
Linking C executable cmTC_a9a4c
/usr/bin/cmake -E cmake_link_script CMakeFiles/cmTC_a9a4c.dir/link.txt --verbose=1
/usr/bin/cc      -rdynamic CMakeFiles/cmTC_a9a4c.dir/CheckSymbolExists.c.o  -o cmTC_a9a4c 
CMakeFiles/cmTC_a9a4c.dir/CheckSymbolExists.c.o: In function `main':
CheckSymbolExists.c:(.text+0x1b): undefined reference to `pthread_create'
collect2: error: ld returned 1 exit status
CMakeFiles/cmTC_a9a4c.dir/build.make:97: recipe for target 'cmTC_a9a4c' failed
make[1]: *** [cmTC_a9a4c] Error 1
make[1]: Leaving directory '/home/ciccio/Robotica_Cognitiva/pepper_ros/build/naoqi_bridge_msgs/CMakeFiles/CMakeTmp'
Makefile:126: recipe for target 'cmTC_a9a4c/fast' failed
make: *** [cmTC_a9a4c/fast] Error 2

File /home/ciccio/Robotica_Cognitiva/pepper_ros/build/naoqi_bridge_msgs/CMakeFiles/CMakeTmp/CheckSymbolExists.c:
/* */
#include <pthread.h>

int main(int argc, char** argv)
{
  (void)argv;
#ifndef pthread_create
  return ((int*)(&pthread_create))[argc];
#else
  (void)argc;
  return 0;
#endif
}

Determining if the function pthread_create exists in the pthreads failed with the following output:
Change Dir: /home/ciccio/Robotica_Cognitiva/pepper_ros/build/naoqi_bridge_msgs/CMakeFiles/CMakeTmp

Run Build Command:"/usr/bin/make" "cmTC_b1cae/fast"
/usr/bin/make -f CMakeFiles/cmTC_b1cae.dir/build.make CMakeFiles/cmTC_b1cae.dir/build
make[1]: Entering directory '/home/ciccio/Robotica_Cognitiva/pepper_ros/build/naoqi_bridge_msgs/CMakeFiles/CMakeTmp'
Building C object CMakeFiles/cmTC_b1cae.dir/CheckFunctionExists.c.o
/usr/bin/cc   -DCHECK_FUNCTION_EXISTS=pthread_create   -o CMakeFiles/cmTC_b1cae.dir/CheckFunctionExists.c.o   -c /usr/share/cmake-3.10/Modules/CheckFunctionExists.c
Linking C executable cmTC_b1cae
/usr/bin/cmake -E cmake_link_script CMakeFiles/cmTC_b1cae.dir/link.txt --verbose=1
/usr/bin/cc  -DCHECK_FUNCTION_EXISTS=pthread_create    -rdynamic CMakeFiles/cmTC_b1cae.dir/CheckFunctionExists.c.o  -o cmTC_b1cae -lpthreads 
/usr/bin/ld: cannot find -lpthreads
collect2: error: ld returned 1 exit status
CMakeFiles/cmTC_b1cae.dir/build.make:97: recipe for target 'cmTC_b1cae' failed
make[1]: *** [cmTC_b1cae] Error 1
make[1]: Leaving directory '/home/ciccio/Robotica_Cognitiva/pepper_ros/build/naoqi_bridge_msgs/CMakeFiles/CMakeTmp'
Makefile:126: recipe for target 'cmTC_b1cae/fast' failed
make: *** [cmTC_b1cae/fast] Error 2


