Symlinking /home/ciccio/Robotica_Cognitiva/pepper_ros/devel/lib/pkgconfig/naoqi_bridge_msgs.pc
Symlinking /home/ciccio/Robotica_Cognitiva/pepper_ros/devel/lib/python2.7/dist-packages/naoqi_bridge_msgs/__init__.py
Symlinking /home/ciccio/Robotica_Cognitiva/pepper_ros/devel/lib/python2.7/dist-packages/naoqi_bridge_msgs/srv/_SetString.py
Symlinking /home/ciccio/Robotica_Cognitiva/pepper_ros/devel/lib/python2.7/dist-packages/naoqi_bridge_msgs/srv/_GetFloat.py
Symlinking /home/ciccio/Robotica_Cognitiva/pepper_ros/devel/lib/python2.7/dist-packages/naoqi_bridge_msgs/srv/_SetFloat.py
Symlinking /home/ciccio/Robotica_Cognitiva/pepper_ros/devel/lib/python2.7/dist-packages/naoqi_bridge_msgs/srv/_GetInstalledBehaviors.py
Symlinking /home/ciccio/Robotica_Cognitiva/pepper_ros/devel/lib/python2.7/dist-packages/naoqi_bridge_msgs/srv/_SetArmsEnabled.py
Symlinking /home/ciccio/Robotica_Cognitiva/pepper_ros/devel/lib/python2.7/dist-packages/naoqi_bridge_msgs/srv/__init__.py
Symlinking /home/ciccio/Robotica_Cognitiva/pepper_ros/devel/lib/python2.7/dist-packages/naoqi_bridge_msgs/srv/_TangentialSecurityDistance.py
Symlinking /home/ciccio/Robotica_Cognitiva/pepper_ros/devel/lib/python2.7/dist-packages/naoqi_bridge_msgs/srv/_CmdPoseService.py
Symlinking /home/ciccio/Robotica_Cognitiva/pepper_ros/devel/lib/python2.7/dist-packages/naoqi_bridge_msgs/srv/_GetTruepose.py
Symlinking /home/ciccio/Robotica_Cognitiva/pepper_ros/devel/lib/python2.7/dist-packages/naoqi_bridge_msgs/srv/_GetFacesROI.py
Symlinking /home/ciccio/Robotica_Cognitiva/pepper_ros/devel/lib/python2.7/dist-packages/naoqi_bridge_msgs/srv/_OrthogonalSecurityDistance.py
Symlinking /home/ciccio/Robotica_Cognitiva/pepper_ros/devel/lib/python2.7/dist-packages/naoqi_bridge_msgs/srv/_GetRobotInfo.py
Symlinking /home/ciccio/Robotica_Cognitiva/pepper_ros/devel/lib/python2.7/dist-packages/naoqi_bridge_msgs/srv/_GetBodyROI.py
Symlinking /home/ciccio/Robotica_Cognitiva/pepper_ros/devel/lib/python2.7/dist-packages/naoqi_bridge_msgs/srv/_SetTransform.py
Symlinking /home/ciccio/Robotica_Cognitiva/pepper_ros/devel/lib/python2.7/dist-packages/naoqi_bridge_msgs/srv/_CmdVelService.py
Symlinking /home/ciccio/Robotica_Cognitiva/pepper_ros/devel/lib/python2.7/dist-packages/naoqi_bridge_msgs/srv/_GetString.py
Symlinking /home/ciccio/Robotica_Cognitiva/pepper_ros/devel/lib/python2.7/dist-packages/naoqi_bridge_msgs/msg/_SetSpeechVocabularyActionGoal.py
Symlinking /home/ciccio/Robotica_Cognitiva/pepper_ros/devel/lib/python2.7/dist-packages/naoqi_bridge_msgs/msg/_BodyPoseWithSpeedGoal.py
Symlinking /home/ciccio/Robotica_Cognitiva/pepper_ros/devel/lib/python2.7/dist-packages/naoqi_bridge_msgs/msg/_BodyPoseActionFeedback.py
Symlinking /home/ciccio/Robotica_Cognitiva/pepper_ros/devel/lib/python2.7/dist-packages/naoqi_bridge_msgs/msg/_BodyPoseWithSpeedAction.py
Symlinking /home/ciccio/Robotica_Cognitiva/pepper_ros/devel/lib/python2.7/dist-packages/naoqi_bridge_msgs/msg/_JointAnglesWithSpeedAction.py
Symlinking /home/ciccio/Robotica_Cognitiva/pepper_ros/devel/lib/python2.7/dist-packages/naoqi_bridge_msgs/msg/_FadeRGB.py
Symlinking /home/ciccio/Robotica_Cognitiva/pepper_ros/devel/lib/python2.7/dist-packages/naoqi_bridge_msgs/msg/_BodyPoseWithSpeedActionFeedback.py
Symlinking /home/ciccio/Robotica_Cognitiva/pepper_ros/devel/lib/python2.7/dist-packages/naoqi_bridge_msgs/msg/_SpeechWithFeedbackAction.py
Symlinking /home/ciccio/Robotica_Cognitiva/pepper_ros/devel/lib/python2.7/dist-packages/naoqi_bridge_msgs/msg/_StringStamped.py
Symlinking /home/ciccio/Robotica_Cognitiva/pepper_ros/devel/lib/python2.7/dist-packages/naoqi_bridge_msgs/msg/_SpeechWithFeedbackResult.py
Symlinking /home/ciccio/Robotica_Cognitiva/pepper_ros/devel/lib/python2.7/dist-packages/naoqi_bridge_msgs/msg/_MemoryPairFloat.py
Symlinking /home/ciccio/Robotica_Cognitiva/pepper_ros/devel/lib/python2.7/dist-packages/naoqi_bridge_msgs/msg/_JointAngleTrajectory.py
Symlinking /home/ciccio/Robotica_Cognitiva/pepper_ros/devel/lib/python2.7/dist-packages/naoqi_bridge_msgs/msg/_FollowPathResult.py
Symlinking /home/ciccio/Robotica_Cognitiva/pepper_ros/devel/lib/python2.7/dist-packages/naoqi_bridge_msgs/msg/_SpeechWithFeedbackFeedback.py
Symlinking /home/ciccio/Robotica_Cognitiva/pepper_ros/devel/lib/python2.7/dist-packages/naoqi_bridge_msgs/msg/_JointTrajectoryActionResult.py
Symlinking /home/ciccio/Robotica_Cognitiva/pepper_ros/devel/lib/python2.7/dist-packages/naoqi_bridge_msgs/msg/_BlinkAction.py
Symlinking /home/ciccio/Robotica_Cognitiva/pepper_ros/devel/lib/python2.7/dist-packages/naoqi_bridge_msgs/msg/_SpeechWithFeedbackActionGoal.py
Symlinking /home/ciccio/Robotica_Cognitiva/pepper_ros/devel/lib/python2.7/dist-packages/naoqi_bridge_msgs/msg/_SpeechWithFeedbackGoal.py
Symlinking /home/ciccio/Robotica_Cognitiva/pepper_ros/devel/lib/python2.7/dist-packages/naoqi_bridge_msgs/msg/_BlinkFeedback.py
Symlinking /home/ciccio/Robotica_Cognitiva/pepper_ros/devel/lib/python2.7/dist-packages/naoqi_bridge_msgs/msg/_FollowPathActionResult.py
Symlinking /home/ciccio/Robotica_Cognitiva/pepper_ros/devel/lib/python2.7/dist-packages/naoqi_bridge_msgs/msg/_BodyPoseResult.py
Symlinking /home/ciccio/Robotica_Cognitiva/pepper_ros/devel/lib/python2.7/dist-packages/naoqi_bridge_msgs/msg/_AudioBuffer.py
Symlinking /home/ciccio/Robotica_Cognitiva/pepper_ros/devel/lib/python2.7/dist-packages/naoqi_bridge_msgs/msg/_IntArrayStamped.py
Symlinking /home/ciccio/Robotica_Cognitiva/pepper_ros/devel/lib/python2.7/dist-packages/naoqi_bridge_msgs/msg/_FollowPathGoal.py
Symlinking /home/ciccio/Robotica_Cognitiva/pepper_ros/devel/lib/python2.7/dist-packages/naoqi_bridge_msgs/msg/_BodyPoseWithSpeedActionResult.py
Symlinking /home/ciccio/Robotica_Cognitiva/pepper_ros/devel/lib/python2.7/dist-packages/naoqi_bridge_msgs/msg/_BoolStamped.py
Symlinking /home/ciccio/Robotica_Cognitiva/pepper_ros/devel/lib/python2.7/dist-packages/naoqi_bridge_msgs/msg/_JointTrajectoryGoal.py
Symlinking /home/ciccio/Robotica_Cognitiva/pepper_ros/devel/lib/python2.7/dist-packages/naoqi_bridge_msgs/msg/_RunBehaviorAction.py
Symlinking /home/ciccio/Robotica_Cognitiva/pepper_ros/devel/lib/python2.7/dist-packages/naoqi_bridge_msgs/msg/_JointTrajectoryResult.py
Symlinking /home/ciccio/Robotica_Cognitiva/pepper_ros/devel/lib/python2.7/dist-packages/naoqi_bridge_msgs/msg/_BodyPoseWithSpeedResult.py
Symlinking /home/ciccio/Robotica_Cognitiva/pepper_ros/devel/lib/python2.7/dist-packages/naoqi_bridge_msgs/msg/_FollowPathActionGoal.py
Symlinking /home/ciccio/Robotica_Cognitiva/pepper_ros/devel/lib/python2.7/dist-packages/naoqi_bridge_msgs/msg/_PoseWithConfidenceStamped.py
Symlinking /home/ciccio/Robotica_Cognitiva/pepper_ros/devel/lib/python2.7/dist-packages/naoqi_bridge_msgs/msg/_StatusChangeStamped.py
Symlinking /home/ciccio/Robotica_Cognitiva/pepper_ros/devel/lib/python2.7/dist-packages/naoqi_bridge_msgs/msg/_RunBehaviorGoal.py
Symlinking /home/ciccio/Robotica_Cognitiva/pepper_ros/devel/lib/python2.7/dist-packages/naoqi_bridge_msgs/msg/_HeadTouch.py
Symlinking /home/ciccio/Robotica_Cognitiva/pepper_ros/devel/lib/python2.7/dist-packages/naoqi_bridge_msgs/msg/_SpeechWithFeedbackActionResult.py
Symlinking /home/ciccio/Robotica_Cognitiva/pepper_ros/devel/lib/python2.7/dist-packages/naoqi_bridge_msgs/msg/_BodyPoseWithSpeedFeedback.py
Symlinking /home/ciccio/Robotica_Cognitiva/pepper_ros/devel/lib/python2.7/dist-packages/naoqi_bridge_msgs/msg/__init__.py
Symlinking /home/ciccio/Robotica_Cognitiva/pepper_ros/devel/lib/python2.7/dist-packages/naoqi_bridge_msgs/msg/_SetSpeechVocabularyGoal.py
Symlinking /home/ciccio/Robotica_Cognitiva/pepper_ros/devel/lib/python2.7/dist-packages/naoqi_bridge_msgs/msg/_FloatStamped.py
Symlinking /home/ciccio/Robotica_Cognitiva/pepper_ros/devel/lib/python2.7/dist-packages/naoqi_bridge_msgs/msg/_JointAnglesWithSpeedFeedback.py
Symlinking /home/ciccio/Robotica_Cognitiva/pepper_ros/devel/lib/python2.7/dist-packages/naoqi_bridge_msgs/msg/_SpeechWithFeedbackActionFeedback.py
Symlinking /home/ciccio/Robotica_Cognitiva/pepper_ros/devel/lib/python2.7/dist-packages/naoqi_bridge_msgs/msg/_JointAnglesWithSpeed.py
Symlinking /home/ciccio/Robotica_Cognitiva/pepper_ros/devel/lib/python2.7/dist-packages/naoqi_bridge_msgs/msg/_BlinkActionGoal.py
Symlinking /home/ciccio/Robotica_Cognitiva/pepper_ros/devel/lib/python2.7/dist-packages/naoqi_bridge_msgs/msg/_SetSpeechVocabularyFeedback.py
Symlinking /home/ciccio/Robotica_Cognitiva/pepper_ros/devel/lib/python2.7/dist-packages/naoqi_bridge_msgs/msg/_JointAnglesWithSpeedGoal.py
Symlinking /home/ciccio/Robotica_Cognitiva/pepper_ros/devel/lib/python2.7/dist-packages/naoqi_bridge_msgs/msg/_BodyPoseWithSpeedActionGoal.py
Symlinking /home/ciccio/Robotica_Cognitiva/pepper_ros/devel/lib/python2.7/dist-packages/naoqi_bridge_msgs/msg/_BodyPoseAction.py
Symlinking /home/ciccio/Robotica_Cognitiva/pepper_ros/devel/lib/python2.7/dist-packages/naoqi_bridge_msgs/msg/_RunBehaviorActionResult.py
Symlinking /home/ciccio/Robotica_Cognitiva/pepper_ros/devel/lib/python2.7/dist-packages/naoqi_bridge_msgs/msg/_RunBehaviorActionGoal.py
Symlinking /home/ciccio/Robotica_Cognitiva/pepper_ros/devel/lib/python2.7/dist-packages/naoqi_bridge_msgs/msg/_BodyPoseFeedback.py
Symlinking /home/ciccio/Robotica_Cognitiva/pepper_ros/devel/lib/python2.7/dist-packages/naoqi_bridge_msgs/msg/_JointAnglesWithSpeedResult.py
Symlinking /home/ciccio/Robotica_Cognitiva/pepper_ros/devel/lib/python2.7/dist-packages/naoqi_bridge_msgs/msg/_SetSpeechVocabularyAction.py
Symlinking /home/ciccio/Robotica_Cognitiva/pepper_ros/devel/lib/python2.7/dist-packages/naoqi_bridge_msgs/msg/_BlinkActionResult.py
Symlinking /home/ciccio/Robotica_Cognitiva/pepper_ros/devel/lib/python2.7/dist-packages/naoqi_bridge_msgs/msg/_JointTrajectoryActionFeedback.py
Symlinking /home/ciccio/Robotica_Cognitiva/pepper_ros/devel/lib/python2.7/dist-packages/naoqi_bridge_msgs/msg/_JointAnglesWithSpeedActionGoal.py
Symlinking /home/ciccio/Robotica_Cognitiva/pepper_ros/devel/lib/python2.7/dist-packages/naoqi_bridge_msgs/msg/_IntStamped.py
Symlinking /home/ciccio/Robotica_Cognitiva/pepper_ros/devel/lib/python2.7/dist-packages/naoqi_bridge_msgs/msg/_SetSpeechVocabularyResult.py
Symlinking /home/ciccio/Robotica_Cognitiva/pepper_ros/devel/lib/python2.7/dist-packages/naoqi_bridge_msgs/msg/_RobotInfo.py
Symlinking /home/ciccio/Robotica_Cognitiva/pepper_ros/devel/lib/python2.7/dist-packages/naoqi_bridge_msgs/msg/_SetSpeechVocabularyActionResult.py
Symlinking /home/ciccio/Robotica_Cognitiva/pepper_ros/devel/lib/python2.7/dist-packages/naoqi_bridge_msgs/msg/_BodyPoseActionGoal.py
Symlinking /home/ciccio/Robotica_Cognitiva/pepper_ros/devel/lib/python2.7/dist-packages/naoqi_bridge_msgs/msg/_RunBehaviorResult.py
Symlinking /home/ciccio/Robotica_Cognitiva/pepper_ros/devel/lib/python2.7/dist-packages/naoqi_bridge_msgs/msg/_SetSpeechVocabularyActionFeedback.py
Symlinking /home/ciccio/Robotica_Cognitiva/pepper_ros/devel/lib/python2.7/dist-packages/naoqi_bridge_msgs/msg/_MemoryPairInt.py
Symlinking /home/ciccio/Robotica_Cognitiva/pepper_ros/devel/lib/python2.7/dist-packages/naoqi_bridge_msgs/msg/_StringArrayStamped.py
Symlinking /home/ciccio/Robotica_Cognitiva/pepper_ros/devel/lib/python2.7/dist-packages/naoqi_bridge_msgs/msg/_MemoryPairString.py
Symlinking /home/ciccio/Robotica_Cognitiva/pepper_ros/devel/lib/python2.7/dist-packages/naoqi_bridge_msgs/msg/_BlinkGoal.py
Symlinking /home/ciccio/Robotica_Cognitiva/pepper_ros/devel/lib/python2.7/dist-packages/naoqi_bridge_msgs/msg/_FollowPathAction.py
Symlinking /home/ciccio/Robotica_Cognitiva/pepper_ros/devel/lib/python2.7/dist-packages/naoqi_bridge_msgs/msg/_SoundLocated.py
Symlinking /home/ciccio/Robotica_Cognitiva/pepper_ros/devel/lib/python2.7/dist-packages/naoqi_bridge_msgs/msg/_BodyROI.py
Symlinking /home/ciccio/Robotica_Cognitiva/pepper_ros/devel/lib/python2.7/dist-packages/naoqi_bridge_msgs/msg/_RunBehaviorFeedback.py
Symlinking /home/ciccio/Robotica_Cognitiva/pepper_ros/devel/lib/python2.7/dist-packages/naoqi_bridge_msgs/msg/_BodyPoseGoal.py
Symlinking /home/ciccio/Robotica_Cognitiva/pepper_ros/devel/lib/python2.7/dist-packages/naoqi_bridge_msgs/msg/_BlinkResult.py
Symlinking /home/ciccio/Robotica_Cognitiva/pepper_ros/devel/lib/python2.7/dist-packages/naoqi_bridge_msgs/msg/_FollowPathFeedback.py
Symlinking /home/ciccio/Robotica_Cognitiva/pepper_ros/devel/lib/python2.7/dist-packages/naoqi_bridge_msgs/msg/_EventStamped.py
Symlinking /home/ciccio/Robotica_Cognitiva/pepper_ros/devel/lib/python2.7/dist-packages/naoqi_bridge_msgs/msg/_JointTrajectoryFeedback.py
Symlinking /home/ciccio/Robotica_Cognitiva/pepper_ros/devel/lib/python2.7/dist-packages/naoqi_bridge_msgs/msg/_Bumper.py
Symlinking /home/ciccio/Robotica_Cognitiva/pepper_ros/devel/lib/python2.7/dist-packages/naoqi_bridge_msgs/msg/_BodyPoseActionResult.py
Symlinking /home/ciccio/Robotica_Cognitiva/pepper_ros/devel/lib/python2.7/dist-packages/naoqi_bridge_msgs/msg/_JointTrajectoryAction.py
Symlinking /home/ciccio/Robotica_Cognitiva/pepper_ros/devel/lib/python2.7/dist-packages/naoqi_bridge_msgs/msg/_JointAnglesWithSpeedActionResult.py
Symlinking /home/ciccio/Robotica_Cognitiva/pepper_ros/devel/lib/python2.7/dist-packages/naoqi_bridge_msgs/msg/_JointTrajectoryActionGoal.py
Symlinking /home/ciccio/Robotica_Cognitiva/pepper_ros/devel/lib/python2.7/dist-packages/naoqi_bridge_msgs/msg/_HandTouch.py
Symlinking /home/ciccio/Robotica_Cognitiva/pepper_ros/devel/lib/python2.7/dist-packages/naoqi_bridge_msgs/msg/_MemoryList.py
Symlinking /home/ciccio/Robotica_Cognitiva/pepper_ros/devel/lib/python2.7/dist-packages/naoqi_bridge_msgs/msg/_FollowPathActionFeedback.py
Symlinking /home/ciccio/Robotica_Cognitiva/pepper_ros/devel/lib/python2.7/dist-packages/naoqi_bridge_msgs/msg/_RunBehaviorActionFeedback.py
Symlinking /home/ciccio/Robotica_Cognitiva/pepper_ros/devel/lib/python2.7/dist-packages/naoqi_bridge_msgs/msg/_FaceROI.py
Symlinking /home/ciccio/Robotica_Cognitiva/pepper_ros/devel/lib/python2.7/dist-packages/naoqi_bridge_msgs/msg/_WordRecognized.py
Symlinking /home/ciccio/Robotica_Cognitiva/pepper_ros/devel/lib/python2.7/dist-packages/naoqi_bridge_msgs/msg/_BlinkActionFeedback.py
Symlinking /home/ciccio/Robotica_Cognitiva/pepper_ros/devel/lib/python2.7/dist-packages/naoqi_bridge_msgs/msg/_FloatArrayStamped.py
Symlinking /home/ciccio/Robotica_Cognitiva/pepper_ros/devel/lib/python2.7/dist-packages/naoqi_bridge_msgs/msg/_JointAnglesWithSpeedActionFeedback.py
Symlinking /home/ciccio/Robotica_Cognitiva/pepper_ros/devel/include/naoqi_bridge_msgs/BodyPoseActionResult.h
Symlinking /home/ciccio/Robotica_Cognitiva/pepper_ros/devel/include/naoqi_bridge_msgs/BodyPoseResult.h
Symlinking /home/ciccio/Robotica_Cognitiva/pepper_ros/devel/include/naoqi_bridge_msgs/FollowPathAction.h
Symlinking /home/ciccio/Robotica_Cognitiva/pepper_ros/devel/include/naoqi_bridge_msgs/GetFacesROIRequest.h
Symlinking /home/ciccio/Robotica_Cognitiva/pepper_ros/devel/include/naoqi_bridge_msgs/SetTransform.h
Symlinking /home/ciccio/Robotica_Cognitiva/pepper_ros/devel/include/naoqi_bridge_msgs/BlinkActionGoal.h
Symlinking /home/ciccio/Robotica_Cognitiva/pepper_ros/devel/include/naoqi_bridge_msgs/SetStringResponse.h
Symlinking /home/ciccio/Robotica_Cognitiva/pepper_ros/devel/include/naoqi_bridge_msgs/SpeechWithFeedbackAction.h
Symlinking /home/ciccio/Robotica_Cognitiva/pepper_ros/devel/include/naoqi_bridge_msgs/PoseWithConfidenceStamped.h
Symlinking /home/ciccio/Robotica_Cognitiva/pepper_ros/devel/include/naoqi_bridge_msgs/SpeechWithFeedbackResult.h
Symlinking /home/ciccio/Robotica_Cognitiva/pepper_ros/devel/include/naoqi_bridge_msgs/SetFloatResponse.h
Symlinking /home/ciccio/Robotica_Cognitiva/pepper_ros/devel/include/naoqi_bridge_msgs/SetArmsEnabledResponse.h
Symlinking /home/ciccio/Robotica_Cognitiva/pepper_ros/devel/include/naoqi_bridge_msgs/FollowPathActionGoal.h
Symlinking /home/ciccio/Robotica_Cognitiva/pepper_ros/devel/include/naoqi_bridge_msgs/OrthogonalSecurityDistance.h
Symlinking /home/ciccio/Robotica_Cognitiva/pepper_ros/devel/include/naoqi_bridge_msgs/SetStringRequest.h
Symlinking /home/ciccio/Robotica_Cognitiva/pepper_ros/devel/include/naoqi_bridge_msgs/GetFloat.h
Symlinking /home/ciccio/Robotica_Cognitiva/pepper_ros/devel/include/naoqi_bridge_msgs/Bumper.h
Symlinking /home/ciccio/Robotica_Cognitiva/pepper_ros/devel/include/naoqi_bridge_msgs/MemoryPairFloat.h
Symlinking /home/ciccio/Robotica_Cognitiva/pepper_ros/devel/include/naoqi_bridge_msgs/RunBehaviorGoal.h
Symlinking /home/ciccio/Robotica_Cognitiva/pepper_ros/devel/include/naoqi_bridge_msgs/GetRobotInfoRequest.h
Symlinking /home/ciccio/Robotica_Cognitiva/pepper_ros/devel/include/naoqi_bridge_msgs/JointAnglesWithSpeed.h
Symlinking /home/ciccio/Robotica_Cognitiva/pepper_ros/devel/include/naoqi_bridge_msgs/SpeechWithFeedbackActionResult.h
Symlinking /home/ciccio/Robotica_Cognitiva/pepper_ros/devel/include/naoqi_bridge_msgs/BodyPoseActionGoal.h
Symlinking /home/ciccio/Robotica_Cognitiva/pepper_ros/devel/include/naoqi_bridge_msgs/MemoryList.h
Symlinking /home/ciccio/Robotica_Cognitiva/pepper_ros/devel/include/naoqi_bridge_msgs/BlinkGoal.h
Symlinking /home/ciccio/Robotica_Cognitiva/pepper_ros/devel/include/naoqi_bridge_msgs/SetSpeechVocabularyGoal.h
Symlinking /home/ciccio/Robotica_Cognitiva/pepper_ros/devel/include/naoqi_bridge_msgs/TangentialSecurityDistanceResponse.h
Symlinking /home/ciccio/Robotica_Cognitiva/pepper_ros/devel/include/naoqi_bridge_msgs/SetFloat.h
Symlinking /home/ciccio/Robotica_Cognitiva/pepper_ros/devel/include/naoqi_bridge_msgs/GetTruepose.h
Symlinking /home/ciccio/Robotica_Cognitiva/pepper_ros/devel/include/naoqi_bridge_msgs/MemoryPairString.h
Symlinking /home/ciccio/Robotica_Cognitiva/pepper_ros/devel/include/naoqi_bridge_msgs/IntArrayStamped.h
Symlinking /home/ciccio/Robotica_Cognitiva/pepper_ros/devel/include/naoqi_bridge_msgs/TangentialSecurityDistance.h
Symlinking /home/ciccio/Robotica_Cognitiva/pepper_ros/devel/include/naoqi_bridge_msgs/BlinkAction.h
Symlinking /home/ciccio/Robotica_Cognitiva/pepper_ros/devel/include/naoqi_bridge_msgs/RobotInfo.h
Symlinking /home/ciccio/Robotica_Cognitiva/pepper_ros/devel/include/naoqi_bridge_msgs/RunBehaviorActionResult.h
Symlinking /home/ciccio/Robotica_Cognitiva/pepper_ros/devel/include/naoqi_bridge_msgs/CmdVelServiceResponse.h
Symlinking /home/ciccio/Robotica_Cognitiva/pepper_ros/devel/include/naoqi_bridge_msgs/GetTrueposeRequest.h
Symlinking /home/ciccio/Robotica_Cognitiva/pepper_ros/devel/include/naoqi_bridge_msgs/JointAnglesWithSpeedActionResult.h
Symlinking /home/ciccio/Robotica_Cognitiva/pepper_ros/devel/include/naoqi_bridge_msgs/BlinkActionFeedback.h
Symlinking /home/ciccio/Robotica_Cognitiva/pepper_ros/devel/include/naoqi_bridge_msgs/JointTrajectoryActionResult.h
Symlinking /home/ciccio/Robotica_Cognitiva/pepper_ros/devel/include/naoqi_bridge_msgs/SpeechWithFeedbackFeedback.h
Symlinking /home/ciccio/Robotica_Cognitiva/pepper_ros/devel/include/naoqi_bridge_msgs/FadeRGB.h
Symlinking /home/ciccio/Robotica_Cognitiva/pepper_ros/devel/include/naoqi_bridge_msgs/GetBodyROIRequest.h
Symlinking /home/ciccio/Robotica_Cognitiva/pepper_ros/devel/include/naoqi_bridge_msgs/SetSpeechVocabularyActionFeedback.h
Symlinking /home/ciccio/Robotica_Cognitiva/pepper_ros/devel/include/naoqi_bridge_msgs/WordRecognized.h
Symlinking /home/ciccio/Robotica_Cognitiva/pepper_ros/devel/include/naoqi_bridge_msgs/JointAnglesWithSpeedAction.h
Symlinking /home/ciccio/Robotica_Cognitiva/pepper_ros/devel/include/naoqi_bridge_msgs/CmdPoseServiceResponse.h
Symlinking /home/ciccio/Robotica_Cognitiva/pepper_ros/devel/include/naoqi_bridge_msgs/RunBehaviorAction.h
Symlinking /home/ciccio/Robotica_Cognitiva/pepper_ros/devel/include/naoqi_bridge_msgs/GetInstalledBehaviors.h
Symlinking /home/ciccio/Robotica_Cognitiva/pepper_ros/devel/include/naoqi_bridge_msgs/JointTrajectoryActionFeedback.h
Symlinking /home/ciccio/Robotica_Cognitiva/pepper_ros/devel/include/naoqi_bridge_msgs/SetSpeechVocabularyResult.h
Symlinking /home/ciccio/Robotica_Cognitiva/pepper_ros/devel/include/naoqi_bridge_msgs/JointTrajectoryAction.h
Symlinking /home/ciccio/Robotica_Cognitiva/pepper_ros/devel/include/naoqi_bridge_msgs/StringStamped.h
Symlinking /home/ciccio/Robotica_Cognitiva/pepper_ros/devel/include/naoqi_bridge_msgs/BodyROI.h
Symlinking /home/ciccio/Robotica_Cognitiva/pepper_ros/devel/include/naoqi_bridge_msgs/TangentialSecurityDistanceRequest.h
Symlinking /home/ciccio/Robotica_Cognitiva/pepper_ros/devel/include/naoqi_bridge_msgs/GetFloatResponse.h
Symlinking /home/ciccio/Robotica_Cognitiva/pepper_ros/devel/include/naoqi_bridge_msgs/JointTrajectoryActionGoal.h
Symlinking /home/ciccio/Robotica_Cognitiva/pepper_ros/devel/include/naoqi_bridge_msgs/GetBodyROI.h
Symlinking /home/ciccio/Robotica_Cognitiva/pepper_ros/devel/include/naoqi_bridge_msgs/HandTouch.h
Symlinking /home/ciccio/Robotica_Cognitiva/pepper_ros/devel/include/naoqi_bridge_msgs/BlinkActionResult.h
Symlinking /home/ciccio/Robotica_Cognitiva/pepper_ros/devel/include/naoqi_bridge_msgs/SoundLocated.h
Symlinking /home/ciccio/Robotica_Cognitiva/pepper_ros/devel/include/naoqi_bridge_msgs/JointAnglesWithSpeedFeedback.h
Symlinking /home/ciccio/Robotica_Cognitiva/pepper_ros/devel/include/naoqi_bridge_msgs/BodyPoseWithSpeedAction.h
Symlinking /home/ciccio/Robotica_Cognitiva/pepper_ros/devel/include/naoqi_bridge_msgs/GetTrueposeResponse.h
Symlinking /home/ciccio/Robotica_Cognitiva/pepper_ros/devel/include/naoqi_bridge_msgs/StatusChangeStamped.h
Symlinking /home/ciccio/Robotica_Cognitiva/pepper_ros/devel/include/naoqi_bridge_msgs/FollowPathGoal.h
Symlinking /home/ciccio/Robotica_Cognitiva/pepper_ros/devel/include/naoqi_bridge_msgs/FollowPathActionResult.h
Symlinking /home/ciccio/Robotica_Cognitiva/pepper_ros/devel/include/naoqi_bridge_msgs/BodyPoseWithSpeedGoal.h
Symlinking /home/ciccio/Robotica_Cognitiva/pepper_ros/devel/include/naoqi_bridge_msgs/BodyPoseWithSpeedActionGoal.h
Symlinking /home/ciccio/Robotica_Cognitiva/pepper_ros/devel/include/naoqi_bridge_msgs/JointAnglesWithSpeedResult.h
Symlinking /home/ciccio/Robotica_Cognitiva/pepper_ros/devel/include/naoqi_bridge_msgs/JointTrajectoryFeedback.h
Symlinking /home/ciccio/Robotica_Cognitiva/pepper_ros/devel/include/naoqi_bridge_msgs/FollowPathResult.h
Symlinking /home/ciccio/Robotica_Cognitiva/pepper_ros/devel/include/naoqi_bridge_msgs/GetBodyROIResponse.h
Symlinking /home/ciccio/Robotica_Cognitiva/pepper_ros/devel/include/naoqi_bridge_msgs/GetFacesROI.h
Symlinking /home/ciccio/Robotica_Cognitiva/pepper_ros/devel/include/naoqi_bridge_msgs/BodyPoseWithSpeedFeedback.h
Symlinking /home/ciccio/Robotica_Cognitiva/pepper_ros/devel/include/naoqi_bridge_msgs/FloatArrayStamped.h
Symlinking /home/ciccio/Robotica_Cognitiva/pepper_ros/devel/include/naoqi_bridge_msgs/IntStamped.h
Symlinking /home/ciccio/Robotica_Cognitiva/pepper_ros/devel/include/naoqi_bridge_msgs/MemoryPairInt.h
Symlinking /home/ciccio/Robotica_Cognitiva/pepper_ros/devel/include/naoqi_bridge_msgs/FollowPathFeedback.h
Symlinking /home/ciccio/Robotica_Cognitiva/pepper_ros/devel/include/naoqi_bridge_msgs/RunBehaviorActionGoal.h
Symlinking /home/ciccio/Robotica_Cognitiva/pepper_ros/devel/include/naoqi_bridge_msgs/SetString.h
Symlinking /home/ciccio/Robotica_Cognitiva/pepper_ros/devel/include/naoqi_bridge_msgs/GetInstalledBehaviorsResponse.h
Symlinking /home/ciccio/Robotica_Cognitiva/pepper_ros/devel/include/naoqi_bridge_msgs/BodyPoseActionFeedback.h
Symlinking /home/ciccio/Robotica_Cognitiva/pepper_ros/devel/include/naoqi_bridge_msgs/SpeechWithFeedbackActionFeedback.h
Symlinking /home/ciccio/Robotica_Cognitiva/pepper_ros/devel/include/naoqi_bridge_msgs/StringArrayStamped.h
Symlinking /home/ciccio/Robotica_Cognitiva/pepper_ros/devel/include/naoqi_bridge_msgs/RunBehaviorResult.h
Symlinking /home/ciccio/Robotica_Cognitiva/pepper_ros/devel/include/naoqi_bridge_msgs/GetInstalledBehaviorsRequest.h
Symlinking /home/ciccio/Robotica_Cognitiva/pepper_ros/devel/include/naoqi_bridge_msgs/BoolStamped.h
Symlinking /home/ciccio/Robotica_Cognitiva/pepper_ros/devel/include/naoqi_bridge_msgs/GetStringRequest.h
Symlinking /home/ciccio/Robotica_Cognitiva/pepper_ros/devel/include/naoqi_bridge_msgs/FloatStamped.h
Symlinking /home/ciccio/Robotica_Cognitiva/pepper_ros/devel/include/naoqi_bridge_msgs/GetRobotInfo.h
Symlinking /home/ciccio/Robotica_Cognitiva/pepper_ros/devel/include/naoqi_bridge_msgs/JointAnglesWithSpeedActionGoal.h
Symlinking /home/ciccio/Robotica_Cognitiva/pepper_ros/devel/include/naoqi_bridge_msgs/RunBehaviorFeedback.h
Symlinking /home/ciccio/Robotica_Cognitiva/pepper_ros/devel/include/naoqi_bridge_msgs/SpeechWithFeedbackGoal.h
Symlinking /home/ciccio/Robotica_Cognitiva/pepper_ros/devel/include/naoqi_bridge_msgs/GetStringResponse.h
Symlinking /home/ciccio/Robotica_Cognitiva/pepper_ros/devel/include/naoqi_bridge_msgs/BodyPoseGoal.h
Symlinking /home/ciccio/Robotica_Cognitiva/pepper_ros/devel/include/naoqi_bridge_msgs/CmdPoseServiceRequest.h
Symlinking /home/ciccio/Robotica_Cognitiva/pepper_ros/devel/include/naoqi_bridge_msgs/OrthogonalSecurityDistanceRequest.h
Symlinking /home/ciccio/Robotica_Cognitiva/pepper_ros/devel/include/naoqi_bridge_msgs/BodyPoseAction.h
Symlinking /home/ciccio/Robotica_Cognitiva/pepper_ros/devel/include/naoqi_bridge_msgs/JointTrajectoryResult.h
Symlinking /home/ciccio/Robotica_Cognitiva/pepper_ros/devel/include/naoqi_bridge_msgs/SetArmsEnabledRequest.h
Symlinking /home/ciccio/Robotica_Cognitiva/pepper_ros/devel/include/naoqi_bridge_msgs/SetArmsEnabled.h
Symlinking /home/ciccio/Robotica_Cognitiva/pepper_ros/devel/include/naoqi_bridge_msgs/BodyPoseWithSpeedActionResult.h
Symlinking /home/ciccio/Robotica_Cognitiva/pepper_ros/devel/include/naoqi_bridge_msgs/SetSpeechVocabularyActionGoal.h
Symlinking /home/ciccio/Robotica_Cognitiva/pepper_ros/devel/include/naoqi_bridge_msgs/SetTransformRequest.h
Symlinking /home/ciccio/Robotica_Cognitiva/pepper_ros/devel/include/naoqi_bridge_msgs/BlinkResult.h
Symlinking /home/ciccio/Robotica_Cognitiva/pepper_ros/devel/include/naoqi_bridge_msgs/BodyPoseFeedback.h
Symlinking /home/ciccio/Robotica_Cognitiva/pepper_ros/devel/include/naoqi_bridge_msgs/RunBehaviorActionFeedback.h
Symlinking /home/ciccio/Robotica_Cognitiva/pepper_ros/devel/include/naoqi_bridge_msgs/JointTrajectoryGoal.h
Symlinking /home/ciccio/Robotica_Cognitiva/pepper_ros/devel/include/naoqi_bridge_msgs/CmdVelServiceRequest.h
Symlinking /home/ciccio/Robotica_Cognitiva/pepper_ros/devel/include/naoqi_bridge_msgs/GetFloatRequest.h
Symlinking /home/ciccio/Robotica_Cognitiva/pepper_ros/devel/include/naoqi_bridge_msgs/FaceROI.h
Symlinking /home/ciccio/Robotica_Cognitiva/pepper_ros/devel/include/naoqi_bridge_msgs/CmdPoseService.h
Symlinking /home/ciccio/Robotica_Cognitiva/pepper_ros/devel/include/naoqi_bridge_msgs/SetSpeechVocabularyAction.h
Symlinking /home/ciccio/Robotica_Cognitiva/pepper_ros/devel/include/naoqi_bridge_msgs/SetTransformResponse.h
Symlinking /home/ciccio/Robotica_Cognitiva/pepper_ros/devel/include/naoqi_bridge_msgs/SetSpeechVocabularyActionResult.h
Symlinking /home/ciccio/Robotica_Cognitiva/pepper_ros/devel/include/naoqi_bridge_msgs/CmdVelService.h
Symlinking /home/ciccio/Robotica_Cognitiva/pepper_ros/devel/include/naoqi_bridge_msgs/SpeechWithFeedbackActionGoal.h
Symlinking /home/ciccio/Robotica_Cognitiva/pepper_ros/devel/include/naoqi_bridge_msgs/BodyPoseWithSpeedActionFeedback.h
Symlinking /home/ciccio/Robotica_Cognitiva/pepper_ros/devel/include/naoqi_bridge_msgs/SetSpeechVocabularyFeedback.h
Symlinking /home/ciccio/Robotica_Cognitiva/pepper_ros/devel/include/naoqi_bridge_msgs/EventStamped.h
Symlinking /home/ciccio/Robotica_Cognitiva/pepper_ros/devel/include/naoqi_bridge_msgs/FollowPathActionFeedback.h
Symlinking /home/ciccio/Robotica_Cognitiva/pepper_ros/devel/include/naoqi_bridge_msgs/HeadTouch.h
Symlinking /home/ciccio/Robotica_Cognitiva/pepper_ros/devel/include/naoqi_bridge_msgs/GetString.h
Symlinking /home/ciccio/Robotica_Cognitiva/pepper_ros/devel/include/naoqi_bridge_msgs/JointAnglesWithSpeedActionFeedback.h
Symlinking /home/ciccio/Robotica_Cognitiva/pepper_ros/devel/include/naoqi_bridge_msgs/GetFacesROIResponse.h
Symlinking /home/ciccio/Robotica_Cognitiva/pepper_ros/devel/include/naoqi_bridge_msgs/GetRobotInfoResponse.h
Symlinking /home/ciccio/Robotica_Cognitiva/pepper_ros/devel/include/naoqi_bridge_msgs/JointAngleTrajectory.h
Symlinking /home/ciccio/Robotica_Cognitiva/pepper_ros/devel/include/naoqi_bridge_msgs/JointAnglesWithSpeedGoal.h
Symlinking /home/ciccio/Robotica_Cognitiva/pepper_ros/devel/include/naoqi_bridge_msgs/BlinkFeedback.h
Symlinking /home/ciccio/Robotica_Cognitiva/pepper_ros/devel/include/naoqi_bridge_msgs/OrthogonalSecurityDistanceResponse.h
Symlinking /home/ciccio/Robotica_Cognitiva/pepper_ros/devel/include/naoqi_bridge_msgs/SetFloatRequest.h
Symlinking /home/ciccio/Robotica_Cognitiva/pepper_ros/devel/include/naoqi_bridge_msgs/BodyPoseWithSpeedResult.h
Symlinking /home/ciccio/Robotica_Cognitiva/pepper_ros/devel/include/naoqi_bridge_msgs/AudioBuffer.h
Symlinking /home/ciccio/Robotica_Cognitiva/pepper_ros/devel/share/gennodejs/ros/naoqi_bridge_msgs/_index.js
Symlinking /home/ciccio/Robotica_Cognitiva/pepper_ros/devel/share/gennodejs/ros/naoqi_bridge_msgs/srv/SetString.js
Symlinking /home/ciccio/Robotica_Cognitiva/pepper_ros/devel/share/gennodejs/ros/naoqi_bridge_msgs/srv/SetFloat.js
Symlinking /home/ciccio/Robotica_Cognitiva/pepper_ros/devel/share/gennodejs/ros/naoqi_bridge_msgs/srv/OrthogonalSecurityDistance.js
Symlinking /home/ciccio/Robotica_Cognitiva/pepper_ros/devel/share/gennodejs/ros/naoqi_bridge_msgs/srv/GetTruepose.js
Symlinking /home/ciccio/Robotica_Cognitiva/pepper_ros/devel/share/gennodejs/ros/naoqi_bridge_msgs/srv/SetArmsEnabled.js
Symlinking /home/ciccio/Robotica_Cognitiva/pepper_ros/devel/share/gennodejs/ros/naoqi_bridge_msgs/srv/GetString.js
Symlinking /home/ciccio/Robotica_Cognitiva/pepper_ros/devel/share/gennodejs/ros/naoqi_bridge_msgs/srv/GetRobotInfo.js
Symlinking /home/ciccio/Robotica_Cognitiva/pepper_ros/devel/share/gennodejs/ros/naoqi_bridge_msgs/srv/SetTransform.js
Symlinking /home/ciccio/Robotica_Cognitiva/pepper_ros/devel/share/gennodejs/ros/naoqi_bridge_msgs/srv/GetFacesROI.js
Symlinking /home/ciccio/Robotica_Cognitiva/pepper_ros/devel/share/gennodejs/ros/naoqi_bridge_msgs/srv/GetInstalledBehaviors.js
Symlinking /home/ciccio/Robotica_Cognitiva/pepper_ros/devel/share/gennodejs/ros/naoqi_bridge_msgs/srv/CmdPoseService.js
Symlinking /home/ciccio/Robotica_Cognitiva/pepper_ros/devel/share/gennodejs/ros/naoqi_bridge_msgs/srv/CmdVelService.js
Symlinking /home/ciccio/Robotica_Cognitiva/pepper_ros/devel/share/gennodejs/ros/naoqi_bridge_msgs/srv/GetBodyROI.js
Symlinking /home/ciccio/Robotica_Cognitiva/pepper_ros/devel/share/gennodejs/ros/naoqi_bridge_msgs/srv/GetFloat.js
Symlinking /home/ciccio/Robotica_Cognitiva/pepper_ros/devel/share/gennodejs/ros/naoqi_bridge_msgs/srv/_index.js
Symlinking /home/ciccio/Robotica_Cognitiva/pepper_ros/devel/share/gennodejs/ros/naoqi_bridge_msgs/srv/TangentialSecurityDistance.js
Symlinking /home/ciccio/Robotica_Cognitiva/pepper_ros/devel/share/gennodejs/ros/naoqi_bridge_msgs/msg/SpeechWithFeedbackActionResult.js
Symlinking /home/ciccio/Robotica_Cognitiva/pepper_ros/devel/share/gennodejs/ros/naoqi_bridge_msgs/msg/RunBehaviorFeedback.js
Symlinking /home/ciccio/Robotica_Cognitiva/pepper_ros/devel/share/gennodejs/ros/naoqi_bridge_msgs/msg/BodyPoseWithSpeedActionGoal.js
Symlinking /home/ciccio/Robotica_Cognitiva/pepper_ros/devel/share/gennodejs/ros/naoqi_bridge_msgs/msg/PoseWithConfidenceStamped.js
Symlinking /home/ciccio/Robotica_Cognitiva/pepper_ros/devel/share/gennodejs/ros/naoqi_bridge_msgs/msg/SetSpeechVocabularyResult.js
Symlinking /home/ciccio/Robotica_Cognitiva/pepper_ros/devel/share/gennodejs/ros/naoqi_bridge_msgs/msg/RunBehaviorActionGoal.js
Symlinking /home/ciccio/Robotica_Cognitiva/pepper_ros/devel/share/gennodejs/ros/naoqi_bridge_msgs/msg/BlinkResult.js
Symlinking /home/ciccio/Robotica_Cognitiva/pepper_ros/devel/share/gennodejs/ros/naoqi_bridge_msgs/msg/FloatArrayStamped.js
Symlinking /home/ciccio/Robotica_Cognitiva/pepper_ros/devel/share/gennodejs/ros/naoqi_bridge_msgs/msg/BodyPoseAction.js
Symlinking /home/ciccio/Robotica_Cognitiva/pepper_ros/devel/share/gennodejs/ros/naoqi_bridge_msgs/msg/WordRecognized.js
Symlinking /home/ciccio/Robotica_Cognitiva/pepper_ros/devel/share/gennodejs/ros/naoqi_bridge_msgs/msg/BodyPoseWithSpeedActionFeedback.js
Symlinking /home/ciccio/Robotica_Cognitiva/pepper_ros/devel/share/gennodejs/ros/naoqi_bridge_msgs/msg/BodyPoseGoal.js
Symlinking /home/ciccio/Robotica_Cognitiva/pepper_ros/devel/share/gennodejs/ros/naoqi_bridge_msgs/msg/SetSpeechVocabularyGoal.js
Symlinking /home/ciccio/Robotica_Cognitiva/pepper_ros/devel/share/gennodejs/ros/naoqi_bridge_msgs/msg/BodyPoseActionFeedback.js
Symlinking /home/ciccio/Robotica_Cognitiva/pepper_ros/devel/share/gennodejs/ros/naoqi_bridge_msgs/msg/BlinkGoal.js
Symlinking /home/ciccio/Robotica_Cognitiva/pepper_ros/devel/share/gennodejs/ros/naoqi_bridge_msgs/msg/FloatStamped.js
Symlinking /home/ciccio/Robotica_Cognitiva/pepper_ros/devel/share/gennodejs/ros/naoqi_bridge_msgs/msg/SpeechWithFeedbackFeedback.js
Symlinking /home/ciccio/Robotica_Cognitiva/pepper_ros/devel/share/gennodejs/ros/naoqi_bridge_msgs/msg/SpeechWithFeedbackActionGoal.js
Symlinking /home/ciccio/Robotica_Cognitiva/pepper_ros/devel/share/gennodejs/ros/naoqi_bridge_msgs/msg/BodyROI.js
Symlinking /home/ciccio/Robotica_Cognitiva/pepper_ros/devel/share/gennodejs/ros/naoqi_bridge_msgs/msg/BodyPoseActionResult.js
Symlinking /home/ciccio/Robotica_Cognitiva/pepper_ros/devel/share/gennodejs/ros/naoqi_bridge_msgs/msg/JointTrajectoryResult.js
Symlinking /home/ciccio/Robotica_Cognitiva/pepper_ros/devel/share/gennodejs/ros/naoqi_bridge_msgs/msg/AudioBuffer.js
Symlinking /home/ciccio/Robotica_Cognitiva/pepper_ros/devel/share/gennodejs/ros/naoqi_bridge_msgs/msg/FollowPathResult.js
Symlinking /home/ciccio/Robotica_Cognitiva/pepper_ros/devel/share/gennodejs/ros/naoqi_bridge_msgs/msg/JointTrajectoryGoal.js
Symlinking /home/ciccio/Robotica_Cognitiva/pepper_ros/devel/share/gennodejs/ros/naoqi_bridge_msgs/msg/JointAnglesWithSpeedActionResult.js
Symlinking /home/ciccio/Robotica_Cognitiva/pepper_ros/devel/share/gennodejs/ros/naoqi_bridge_msgs/msg/BlinkActionFeedback.js
Symlinking /home/ciccio/Robotica_Cognitiva/pepper_ros/devel/share/gennodejs/ros/naoqi_bridge_msgs/msg/BodyPoseFeedback.js
Symlinking /home/ciccio/Robotica_Cognitiva/pepper_ros/devel/share/gennodejs/ros/naoqi_bridge_msgs/msg/RunBehaviorGoal.js
Symlinking /home/ciccio/Robotica_Cognitiva/pepper_ros/devel/share/gennodejs/ros/naoqi_bridge_msgs/msg/SetSpeechVocabularyAction.js
Symlinking /home/ciccio/Robotica_Cognitiva/pepper_ros/devel/share/gennodejs/ros/naoqi_bridge_msgs/msg/JointAnglesWithSpeedActionFeedback.js
Symlinking /home/ciccio/Robotica_Cognitiva/pepper_ros/devel/share/gennodejs/ros/naoqi_bridge_msgs/msg/SpeechWithFeedbackGoal.js
Symlinking /home/ciccio/Robotica_Cognitiva/pepper_ros/devel/share/gennodejs/ros/naoqi_bridge_msgs/msg/FollowPathActionResult.js
Symlinking /home/ciccio/Robotica_Cognitiva/pepper_ros/devel/share/gennodejs/ros/naoqi_bridge_msgs/msg/HandTouch.js
Symlinking /home/ciccio/Robotica_Cognitiva/pepper_ros/devel/share/gennodejs/ros/naoqi_bridge_msgs/msg/SpeechWithFeedbackActionFeedback.js
Symlinking /home/ciccio/Robotica_Cognitiva/pepper_ros/devel/share/gennodejs/ros/naoqi_bridge_msgs/msg/SetSpeechVocabularyActionFeedback.js
Symlinking /home/ciccio/Robotica_Cognitiva/pepper_ros/devel/share/gennodejs/ros/naoqi_bridge_msgs/msg/FollowPathAction.js
Symlinking /home/ciccio/Robotica_Cognitiva/pepper_ros/devel/share/gennodejs/ros/naoqi_bridge_msgs/msg/BodyPoseWithSpeedActionResult.js
Symlinking /home/ciccio/Robotica_Cognitiva/pepper_ros/devel/share/gennodejs/ros/naoqi_bridge_msgs/msg/BodyPoseWithSpeedGoal.js
Symlinking /home/ciccio/Robotica_Cognitiva/pepper_ros/devel/share/gennodejs/ros/naoqi_bridge_msgs/msg/StringArrayStamped.js
Symlinking /home/ciccio/Robotica_Cognitiva/pepper_ros/devel/share/gennodejs/ros/naoqi_bridge_msgs/msg/BlinkActionGoal.js
Symlinking /home/ciccio/Robotica_Cognitiva/pepper_ros/devel/share/gennodejs/ros/naoqi_bridge_msgs/msg/RunBehaviorResult.js
Symlinking /home/ciccio/Robotica_Cognitiva/pepper_ros/devel/share/gennodejs/ros/naoqi_bridge_msgs/msg/StatusChangeStamped.js
Symlinking /home/ciccio/Robotica_Cognitiva/pepper_ros/devel/share/gennodejs/ros/naoqi_bridge_msgs/msg/MemoryList.js
Symlinking /home/ciccio/Robotica_Cognitiva/pepper_ros/devel/share/gennodejs/ros/naoqi_bridge_msgs/msg/MemoryPairFloat.js
Symlinking /home/ciccio/Robotica_Cognitiva/pepper_ros/devel/share/gennodejs/ros/naoqi_bridge_msgs/msg/JointAngleTrajectory.js
Symlinking /home/ciccio/Robotica_Cognitiva/pepper_ros/devel/share/gennodejs/ros/naoqi_bridge_msgs/msg/BoolStamped.js
Symlinking /home/ciccio/Robotica_Cognitiva/pepper_ros/devel/share/gennodejs/ros/naoqi_bridge_msgs/msg/HeadTouch.js
Symlinking /home/ciccio/Robotica_Cognitiva/pepper_ros/devel/share/gennodejs/ros/naoqi_bridge_msgs/msg/Bumper.js
Symlinking /home/ciccio/Robotica_Cognitiva/pepper_ros/devel/share/gennodejs/ros/naoqi_bridge_msgs/msg/BlinkFeedback.js
Symlinking /home/ciccio/Robotica_Cognitiva/pepper_ros/devel/share/gennodejs/ros/naoqi_bridge_msgs/msg/FaceROI.js
Symlinking /home/ciccio/Robotica_Cognitiva/pepper_ros/devel/share/gennodejs/ros/naoqi_bridge_msgs/msg/JointTrajectoryActionGoal.js
Symlinking /home/ciccio/Robotica_Cognitiva/pepper_ros/devel/share/gennodejs/ros/naoqi_bridge_msgs/msg/BlinkActionResult.js
Symlinking /home/ciccio/Robotica_Cognitiva/pepper_ros/devel/share/gennodejs/ros/naoqi_bridge_msgs/msg/FollowPathActionFeedback.js
Symlinking /home/ciccio/Robotica_Cognitiva/pepper_ros/devel/share/gennodejs/ros/naoqi_bridge_msgs/msg/BodyPoseActionGoal.js
Symlinking /home/ciccio/Robotica_Cognitiva/pepper_ros/devel/share/gennodejs/ros/naoqi_bridge_msgs/msg/IntArrayStamped.js
Symlinking /home/ciccio/Robotica_Cognitiva/pepper_ros/devel/share/gennodejs/ros/naoqi_bridge_msgs/msg/SpeechWithFeedbackResult.js
Symlinking /home/ciccio/Robotica_Cognitiva/pepper_ros/devel/share/gennodejs/ros/naoqi_bridge_msgs/msg/SetSpeechVocabularyActionResult.js
Symlinking /home/ciccio/Robotica_Cognitiva/pepper_ros/devel/share/gennodejs/ros/naoqi_bridge_msgs/msg/JointTrajectoryAction.js
Symlinking /home/ciccio/Robotica_Cognitiva/pepper_ros/devel/share/gennodejs/ros/naoqi_bridge_msgs/msg/RobotInfo.js
Symlinking /home/ciccio/Robotica_Cognitiva/pepper_ros/devel/share/gennodejs/ros/naoqi_bridge_msgs/msg/BlinkAction.js
Symlinking /home/ciccio/Robotica_Cognitiva/pepper_ros/devel/share/gennodejs/ros/naoqi_bridge_msgs/msg/MemoryPairInt.js
Symlinking /home/ciccio/Robotica_Cognitiva/pepper_ros/devel/share/gennodejs/ros/naoqi_bridge_msgs/msg/JointAnglesWithSpeedActionGoal.js
Symlinking /home/ciccio/Robotica_Cognitiva/pepper_ros/devel/share/gennodejs/ros/naoqi_bridge_msgs/msg/SetSpeechVocabularyFeedback.js
Symlinking /home/ciccio/Robotica_Cognitiva/pepper_ros/devel/share/gennodejs/ros/naoqi_bridge_msgs/msg/FadeRGB.js
Symlinking /home/ciccio/Robotica_Cognitiva/pepper_ros/devel/share/gennodejs/ros/naoqi_bridge_msgs/msg/JointAnglesWithSpeedGoal.js
Symlinking /home/ciccio/Robotica_Cognitiva/pepper_ros/devel/share/gennodejs/ros/naoqi_bridge_msgs/msg/RunBehaviorActionResult.js
Symlinking /home/ciccio/Robotica_Cognitiva/pepper_ros/devel/share/gennodejs/ros/naoqi_bridge_msgs/msg/FollowPathActionGoal.js
Symlinking /home/ciccio/Robotica_Cognitiva/pepper_ros/devel/share/gennodejs/ros/naoqi_bridge_msgs/msg/JointAnglesWithSpeedResult.js
Symlinking /home/ciccio/Robotica_Cognitiva/pepper_ros/devel/share/gennodejs/ros/naoqi_bridge_msgs/msg/BodyPoseResult.js
Symlinking /home/ciccio/Robotica_Cognitiva/pepper_ros/devel/share/gennodejs/ros/naoqi_bridge_msgs/msg/StringStamped.js
Symlinking /home/ciccio/Robotica_Cognitiva/pepper_ros/devel/share/gennodejs/ros/naoqi_bridge_msgs/msg/JointTrajectoryFeedback.js
Symlinking /home/ciccio/Robotica_Cognitiva/pepper_ros/devel/share/gennodejs/ros/naoqi_bridge_msgs/msg/RunBehaviorAction.js
Symlinking /home/ciccio/Robotica_Cognitiva/pepper_ros/devel/share/gennodejs/ros/naoqi_bridge_msgs/msg/FollowPathFeedback.js
Symlinking /home/ciccio/Robotica_Cognitiva/pepper_ros/devel/share/gennodejs/ros/naoqi_bridge_msgs/msg/MemoryPairString.js
Symlinking /home/ciccio/Robotica_Cognitiva/pepper_ros/devel/share/gennodejs/ros/naoqi_bridge_msgs/msg/BodyPoseWithSpeedFeedback.js
Symlinking /home/ciccio/Robotica_Cognitiva/pepper_ros/devel/share/gennodejs/ros/naoqi_bridge_msgs/msg/JointTrajectoryActionResult.js
Symlinking /home/ciccio/Robotica_Cognitiva/pepper_ros/devel/share/gennodejs/ros/naoqi_bridge_msgs/msg/EventStamped.js
Symlinking /home/ciccio/Robotica_Cognitiva/pepper_ros/devel/share/gennodejs/ros/naoqi_bridge_msgs/msg/SpeechWithFeedbackAction.js
Symlinking /home/ciccio/Robotica_Cognitiva/pepper_ros/devel/share/gennodejs/ros/naoqi_bridge_msgs/msg/SetSpeechVocabularyActionGoal.js
Symlinking /home/ciccio/Robotica_Cognitiva/pepper_ros/devel/share/gennodejs/ros/naoqi_bridge_msgs/msg/BodyPoseWithSpeedAction.js
Symlinking /home/ciccio/Robotica_Cognitiva/pepper_ros/devel/share/gennodejs/ros/naoqi_bridge_msgs/msg/RunBehaviorActionFeedback.js
Symlinking /home/ciccio/Robotica_Cognitiva/pepper_ros/devel/share/gennodejs/ros/naoqi_bridge_msgs/msg/JointAnglesWithSpeedAction.js
Symlinking /home/ciccio/Robotica_Cognitiva/pepper_ros/devel/share/gennodejs/ros/naoqi_bridge_msgs/msg/JointAnglesWithSpeed.js
Symlinking /home/ciccio/Robotica_Cognitiva/pepper_ros/devel/share/gennodejs/ros/naoqi_bridge_msgs/msg/_index.js
Symlinking /home/ciccio/Robotica_Cognitiva/pepper_ros/devel/share/gennodejs/ros/naoqi_bridge_msgs/msg/BodyPoseWithSpeedResult.js
Symlinking /home/ciccio/Robotica_Cognitiva/pepper_ros/devel/share/gennodejs/ros/naoqi_bridge_msgs/msg/SoundLocated.js
Symlinking /home/ciccio/Robotica_Cognitiva/pepper_ros/devel/share/gennodejs/ros/naoqi_bridge_msgs/msg/JointAnglesWithSpeedFeedback.js
Symlinking /home/ciccio/Robotica_Cognitiva/pepper_ros/devel/share/gennodejs/ros/naoqi_bridge_msgs/msg/IntStamped.js
Symlinking /home/ciccio/Robotica_Cognitiva/pepper_ros/devel/share/gennodejs/ros/naoqi_bridge_msgs/msg/JointTrajectoryActionFeedback.js
Symlinking /home/ciccio/Robotica_Cognitiva/pepper_ros/devel/share/gennodejs/ros/naoqi_bridge_msgs/msg/FollowPathGoal.js
Symlinking /home/ciccio/Robotica_Cognitiva/pepper_ros/devel/share/roseus/ros/naoqi_bridge_msgs/manifest.l
Symlinking /home/ciccio/Robotica_Cognitiva/pepper_ros/devel/share/roseus/ros/naoqi_bridge_msgs/srv/GetTruepose.l
Symlinking /home/ciccio/Robotica_Cognitiva/pepper_ros/devel/share/roseus/ros/naoqi_bridge_msgs/srv/GetFloat.l
Symlinking /home/ciccio/Robotica_Cognitiva/pepper_ros/devel/share/roseus/ros/naoqi_bridge_msgs/srv/GetString.l
Symlinking /home/ciccio/Robotica_Cognitiva/pepper_ros/devel/share/roseus/ros/naoqi_bridge_msgs/srv/CmdPoseService.l
Symlinking /home/ciccio/Robotica_Cognitiva/pepper_ros/devel/share/roseus/ros/naoqi_bridge_msgs/srv/SetArmsEnabled.l
Symlinking /home/ciccio/Robotica_Cognitiva/pepper_ros/devel/share/roseus/ros/naoqi_bridge_msgs/srv/TangentialSecurityDistance.l
Symlinking /home/ciccio/Robotica_Cognitiva/pepper_ros/devel/share/roseus/ros/naoqi_bridge_msgs/srv/GetFacesROI.l
Symlinking /home/ciccio/Robotica_Cognitiva/pepper_ros/devel/share/roseus/ros/naoqi_bridge_msgs/srv/SetString.l
Symlinking /home/ciccio/Robotica_Cognitiva/pepper_ros/devel/share/roseus/ros/naoqi_bridge_msgs/srv/GetBodyROI.l
Symlinking /home/ciccio/Robotica_Cognitiva/pepper_ros/devel/share/roseus/ros/naoqi_bridge_msgs/srv/GetRobotInfo.l
Symlinking /home/ciccio/Robotica_Cognitiva/pepper_ros/devel/share/roseus/ros/naoqi_bridge_msgs/srv/CmdVelService.l
Symlinking /home/ciccio/Robotica_Cognitiva/pepper_ros/devel/share/roseus/ros/naoqi_bridge_msgs/srv/GetInstalledBehaviors.l
Symlinking /home/ciccio/Robotica_Cognitiva/pepper_ros/devel/share/roseus/ros/naoqi_bridge_msgs/srv/OrthogonalSecurityDistance.l
Symlinking /home/ciccio/Robotica_Cognitiva/pepper_ros/devel/share/roseus/ros/naoqi_bridge_msgs/srv/SetFloat.l
Symlinking /home/ciccio/Robotica_Cognitiva/pepper_ros/devel/share/roseus/ros/naoqi_bridge_msgs/srv/SetTransform.l
Symlinking /home/ciccio/Robotica_Cognitiva/pepper_ros/devel/share/roseus/ros/naoqi_bridge_msgs/msg/BodyPoseActionFeedback.l
Symlinking /home/ciccio/Robotica_Cognitiva/pepper_ros/devel/share/roseus/ros/naoqi_bridge_msgs/msg/IntStamped.l
Symlinking /home/ciccio/Robotica_Cognitiva/pepper_ros/devel/share/roseus/ros/naoqi_bridge_msgs/msg/AudioBuffer.l
Symlinking /home/ciccio/Robotica_Cognitiva/pepper_ros/devel/share/roseus/ros/naoqi_bridge_msgs/msg/BodyPoseActionResult.l
Symlinking /home/ciccio/Robotica_Cognitiva/pepper_ros/devel/share/roseus/ros/naoqi_bridge_msgs/msg/JointTrajectoryActionGoal.l
Symlinking /home/ciccio/Robotica_Cognitiva/pepper_ros/devel/share/roseus/ros/naoqi_bridge_msgs/msg/JointAngleTrajectory.l
Symlinking /home/ciccio/Robotica_Cognitiva/pepper_ros/devel/share/roseus/ros/naoqi_bridge_msgs/msg/BodyPoseWithSpeedActionGoal.l
Symlinking /home/ciccio/Robotica_Cognitiva/pepper_ros/devel/share/roseus/ros/naoqi_bridge_msgs/msg/BoolStamped.l
Symlinking /home/ciccio/Robotica_Cognitiva/pepper_ros/devel/share/roseus/ros/naoqi_bridge_msgs/msg/RunBehaviorActionResult.l
Symlinking /home/ciccio/Robotica_Cognitiva/pepper_ros/devel/share/roseus/ros/naoqi_bridge_msgs/msg/BodyPoseGoal.l
Symlinking /home/ciccio/Robotica_Cognitiva/pepper_ros/devel/share/roseus/ros/naoqi_bridge_msgs/msg/FollowPathActionGoal.l
Symlinking /home/ciccio/Robotica_Cognitiva/pepper_ros/devel/share/roseus/ros/naoqi_bridge_msgs/msg/FollowPathActionResult.l
Symlinking /home/ciccio/Robotica_Cognitiva/pepper_ros/devel/share/roseus/ros/naoqi_bridge_msgs/msg/BodyROI.l
Symlinking /home/ciccio/Robotica_Cognitiva/pepper_ros/devel/share/roseus/ros/naoqi_bridge_msgs/msg/SpeechWithFeedbackActionResult.l
Symlinking /home/ciccio/Robotica_Cognitiva/pepper_ros/devel/share/roseus/ros/naoqi_bridge_msgs/msg/JointAnglesWithSpeedActionResult.l
Symlinking /home/ciccio/Robotica_Cognitiva/pepper_ros/devel/share/roseus/ros/naoqi_bridge_msgs/msg/SetSpeechVocabularyGoal.l
Symlinking /home/ciccio/Robotica_Cognitiva/pepper_ros/devel/share/roseus/ros/naoqi_bridge_msgs/msg/FaceROI.l
Symlinking /home/ciccio/Robotica_Cognitiva/pepper_ros/devel/share/roseus/ros/naoqi_bridge_msgs/msg/BodyPoseAction.l
Symlinking /home/ciccio/Robotica_Cognitiva/pepper_ros/devel/share/roseus/ros/naoqi_bridge_msgs/msg/EventStamped.l
Symlinking /home/ciccio/Robotica_Cognitiva/pepper_ros/devel/share/roseus/ros/naoqi_bridge_msgs/msg/FloatArrayStamped.l
Symlinking /home/ciccio/Robotica_Cognitiva/pepper_ros/devel/share/roseus/ros/naoqi_bridge_msgs/msg/RobotInfo.l
Symlinking /home/ciccio/Robotica_Cognitiva/pepper_ros/devel/share/roseus/ros/naoqi_bridge_msgs/msg/SetSpeechVocabularyActionGoal.l
Symlinking /home/ciccio/Robotica_Cognitiva/pepper_ros/devel/share/roseus/ros/naoqi_bridge_msgs/msg/IntArrayStamped.l
Symlinking /home/ciccio/Robotica_Cognitiva/pepper_ros/devel/share/roseus/ros/naoqi_bridge_msgs/msg/JointTrajectoryFeedback.l
Symlinking /home/ciccio/Robotica_Cognitiva/pepper_ros/devel/share/roseus/ros/naoqi_bridge_msgs/msg/SoundLocated.l
Symlinking /home/ciccio/Robotica_Cognitiva/pepper_ros/devel/share/roseus/ros/naoqi_bridge_msgs/msg/JointTrajectoryAction.l
Symlinking /home/ciccio/Robotica_Cognitiva/pepper_ros/devel/share/roseus/ros/naoqi_bridge_msgs/msg/SetSpeechVocabularyActionResult.l
Symlinking /home/ciccio/Robotica_Cognitiva/pepper_ros/devel/share/roseus/ros/naoqi_bridge_msgs/msg/RunBehaviorFeedback.l
Symlinking /home/ciccio/Robotica_Cognitiva/pepper_ros/devel/share/roseus/ros/naoqi_bridge_msgs/msg/BlinkActionGoal.l
Symlinking /home/ciccio/Robotica_Cognitiva/pepper_ros/devel/share/roseus/ros/naoqi_bridge_msgs/msg/MemoryPairString.l
Symlinking /home/ciccio/Robotica_Cognitiva/pepper_ros/devel/share/roseus/ros/naoqi_bridge_msgs/msg/SpeechWithFeedbackActionFeedback.l
Symlinking /home/ciccio/Robotica_Cognitiva/pepper_ros/devel/share/roseus/ros/naoqi_bridge_msgs/msg/HandTouch.l
Symlinking /home/ciccio/Robotica_Cognitiva/pepper_ros/devel/share/roseus/ros/naoqi_bridge_msgs/msg/HeadTouch.l
Symlinking /home/ciccio/Robotica_Cognitiva/pepper_ros/devel/share/roseus/ros/naoqi_bridge_msgs/msg/JointAnglesWithSpeedGoal.l
Symlinking /home/ciccio/Robotica_Cognitiva/pepper_ros/devel/share/roseus/ros/naoqi_bridge_msgs/msg/RunBehaviorResult.l
Symlinking /home/ciccio/Robotica_Cognitiva/pepper_ros/devel/share/roseus/ros/naoqi_bridge_msgs/msg/BodyPoseFeedback.l
Symlinking /home/ciccio/Robotica_Cognitiva/pepper_ros/devel/share/roseus/ros/naoqi_bridge_msgs/msg/RunBehaviorAction.l
Symlinking /home/ciccio/Robotica_Cognitiva/pepper_ros/devel/share/roseus/ros/naoqi_bridge_msgs/msg/BlinkActionFeedback.l
Symlinking /home/ciccio/Robotica_Cognitiva/pepper_ros/devel/share/roseus/ros/naoqi_bridge_msgs/msg/FadeRGB.l
Symlinking /home/ciccio/Robotica_Cognitiva/pepper_ros/devel/share/roseus/ros/naoqi_bridge_msgs/msg/SpeechWithFeedbackGoal.l
Symlinking /home/ciccio/Robotica_Cognitiva/pepper_ros/devel/share/roseus/ros/naoqi_bridge_msgs/msg/BodyPoseWithSpeedGoal.l
Symlinking /home/ciccio/Robotica_Cognitiva/pepper_ros/devel/share/roseus/ros/naoqi_bridge_msgs/msg/MemoryList.l
Symlinking /home/ciccio/Robotica_Cognitiva/pepper_ros/devel/share/roseus/ros/naoqi_bridge_msgs/msg/JointTrajectoryGoal.l
Symlinking /home/ciccio/Robotica_Cognitiva/pepper_ros/devel/share/roseus/ros/naoqi_bridge_msgs/msg/JointAnglesWithSpeedActionGoal.l
Symlinking /home/ciccio/Robotica_Cognitiva/pepper_ros/devel/share/roseus/ros/naoqi_bridge_msgs/msg/FloatStamped.l
Symlinking /home/ciccio/Robotica_Cognitiva/pepper_ros/devel/share/roseus/ros/naoqi_bridge_msgs/msg/FollowPathActionFeedback.l
Symlinking /home/ciccio/Robotica_Cognitiva/pepper_ros/devel/share/roseus/ros/naoqi_bridge_msgs/msg/SetSpeechVocabularyFeedback.l
Symlinking /home/ciccio/Robotica_Cognitiva/pepper_ros/devel/share/roseus/ros/naoqi_bridge_msgs/msg/BodyPoseWithSpeedActionFeedback.l
Symlinking /home/ciccio/Robotica_Cognitiva/pepper_ros/devel/share/roseus/ros/naoqi_bridge_msgs/msg/BodyPoseWithSpeedAction.l
Symlinking /home/ciccio/Robotica_Cognitiva/pepper_ros/devel/share/roseus/ros/naoqi_bridge_msgs/msg/SetSpeechVocabularyAction.l
Symlinking /home/ciccio/Robotica_Cognitiva/pepper_ros/devel/share/roseus/ros/naoqi_bridge_msgs/msg/JointTrajectoryResult.l
Symlinking /home/ciccio/Robotica_Cognitiva/pepper_ros/devel/share/roseus/ros/naoqi_bridge_msgs/msg/SpeechWithFeedbackAction.l
Symlinking /home/ciccio/Robotica_Cognitiva/pepper_ros/devel/share/roseus/ros/naoqi_bridge_msgs/msg/FollowPathFeedback.l
Symlinking /home/ciccio/Robotica_Cognitiva/pepper_ros/devel/share/roseus/ros/naoqi_bridge_msgs/msg/JointAnglesWithSpeedFeedback.l
Symlinking /home/ciccio/Robotica_Cognitiva/pepper_ros/devel/share/roseus/ros/naoqi_bridge_msgs/msg/JointAnglesWithSpeedActionFeedback.l
Symlinking /home/ciccio/Robotica_Cognitiva/pepper_ros/devel/share/roseus/ros/naoqi_bridge_msgs/msg/JointAnglesWithSpeed.l
Symlinking /home/ciccio/Robotica_Cognitiva/pepper_ros/devel/share/roseus/ros/naoqi_bridge_msgs/msg/BodyPoseWithSpeedResult.l
Symlinking /home/ciccio/Robotica_Cognitiva/pepper_ros/devel/share/roseus/ros/naoqi_bridge_msgs/msg/BodyPoseResult.l
Symlinking /home/ciccio/Robotica_Cognitiva/pepper_ros/devel/share/roseus/ros/naoqi_bridge_msgs/msg/StringStamped.l
Symlinking /home/ciccio/Robotica_Cognitiva/pepper_ros/devel/share/roseus/ros/naoqi_bridge_msgs/msg/Bumper.l
Symlinking /home/ciccio/Robotica_Cognitiva/pepper_ros/devel/share/roseus/ros/naoqi_bridge_msgs/msg/RunBehaviorActionGoal.l
Symlinking /home/ciccio/Robotica_Cognitiva/pepper_ros/devel/share/roseus/ros/naoqi_bridge_msgs/msg/SpeechWithFeedbackFeedback.l
Symlinking /home/ciccio/Robotica_Cognitiva/pepper_ros/devel/share/roseus/ros/naoqi_bridge_msgs/msg/BlinkResult.l
Symlinking /home/ciccio/Robotica_Cognitiva/pepper_ros/devel/share/roseus/ros/naoqi_bridge_msgs/msg/FollowPathAction.l
Symlinking /home/ciccio/Robotica_Cognitiva/pepper_ros/devel/share/roseus/ros/naoqi_bridge_msgs/msg/RunBehaviorGoal.l
Symlinking /home/ciccio/Robotica_Cognitiva/pepper_ros/devel/share/roseus/ros/naoqi_bridge_msgs/msg/FollowPathGoal.l
Symlinking /home/ciccio/Robotica_Cognitiva/pepper_ros/devel/share/roseus/ros/naoqi_bridge_msgs/msg/BlinkGoal.l
Symlinking /home/ciccio/Robotica_Cognitiva/pepper_ros/devel/share/roseus/ros/naoqi_bridge_msgs/msg/MemoryPairFloat.l
Symlinking /home/ciccio/Robotica_Cognitiva/pepper_ros/devel/share/roseus/ros/naoqi_bridge_msgs/msg/StatusChangeStamped.l
Symlinking /home/ciccio/Robotica_Cognitiva/pepper_ros/devel/share/roseus/ros/naoqi_bridge_msgs/msg/SpeechWithFeedbackActionGoal.l
Symlinking /home/ciccio/Robotica_Cognitiva/pepper_ros/devel/share/roseus/ros/naoqi_bridge_msgs/msg/BodyPoseWithSpeedFeedback.l
Symlinking /home/ciccio/Robotica_Cognitiva/pepper_ros/devel/share/roseus/ros/naoqi_bridge_msgs/msg/BlinkAction.l
Symlinking /home/ciccio/Robotica_Cognitiva/pepper_ros/devel/share/roseus/ros/naoqi_bridge_msgs/msg/JointTrajectoryActionResult.l
Symlinking /home/ciccio/Robotica_Cognitiva/pepper_ros/devel/share/roseus/ros/naoqi_bridge_msgs/msg/JointAnglesWithSpeedAction.l
Symlinking /home/ciccio/Robotica_Cognitiva/pepper_ros/devel/share/roseus/ros/naoqi_bridge_msgs/msg/MemoryPairInt.l
Symlinking /home/ciccio/Robotica_Cognitiva/pepper_ros/devel/share/roseus/ros/naoqi_bridge_msgs/msg/JointTrajectoryActionFeedback.l
Symlinking /home/ciccio/Robotica_Cognitiva/pepper_ros/devel/share/roseus/ros/naoqi_bridge_msgs/msg/BlinkActionResult.l
Symlinking /home/ciccio/Robotica_Cognitiva/pepper_ros/devel/share/roseus/ros/naoqi_bridge_msgs/msg/BlinkFeedback.l
Symlinking /home/ciccio/Robotica_Cognitiva/pepper_ros/devel/share/roseus/ros/naoqi_bridge_msgs/msg/PoseWithConfidenceStamped.l
Symlinking /home/ciccio/Robotica_Cognitiva/pepper_ros/devel/share/roseus/ros/naoqi_bridge_msgs/msg/StringArrayStamped.l
Symlinking /home/ciccio/Robotica_Cognitiva/pepper_ros/devel/share/roseus/ros/naoqi_bridge_msgs/msg/FollowPathResult.l
Symlinking /home/ciccio/Robotica_Cognitiva/pepper_ros/devel/share/roseus/ros/naoqi_bridge_msgs/msg/SetSpeechVocabularyActionFeedback.l
Symlinking /home/ciccio/Robotica_Cognitiva/pepper_ros/devel/share/roseus/ros/naoqi_bridge_msgs/msg/BodyPoseActionGoal.l
Symlinking /home/ciccio/Robotica_Cognitiva/pepper_ros/devel/share/roseus/ros/naoqi_bridge_msgs/msg/BodyPoseWithSpeedActionResult.l
Symlinking /home/ciccio/Robotica_Cognitiva/pepper_ros/devel/share/roseus/ros/naoqi_bridge_msgs/msg/WordRecognized.l
Symlinking /home/ciccio/Robotica_Cognitiva/pepper_ros/devel/share/roseus/ros/naoqi_bridge_msgs/msg/RunBehaviorActionFeedback.l
Symlinking /home/ciccio/Robotica_Cognitiva/pepper_ros/devel/share/roseus/ros/naoqi_bridge_msgs/msg/SetSpeechVocabularyResult.l
Symlinking /home/ciccio/Robotica_Cognitiva/pepper_ros/devel/share/roseus/ros/naoqi_bridge_msgs/msg/SpeechWithFeedbackResult.l
Symlinking /home/ciccio/Robotica_Cognitiva/pepper_ros/devel/share/roseus/ros/naoqi_bridge_msgs/msg/JointAnglesWithSpeedResult.l
Symlinking /home/ciccio/Robotica_Cognitiva/pepper_ros/devel/share/naoqi_bridge_msgs/msg/BodyPoseAction.msg
Symlinking /home/ciccio/Robotica_Cognitiva/pepper_ros/devel/share/naoqi_bridge_msgs/msg/FollowPathFeedback.msg
Symlinking /home/ciccio/Robotica_Cognitiva/pepper_ros/devel/share/naoqi_bridge_msgs/msg/BlinkAction.msg
Symlinking /home/ciccio/Robotica_Cognitiva/pepper_ros/devel/share/naoqi_bridge_msgs/msg/FollowPathActionResult.msg
Symlinking /home/ciccio/Robotica_Cognitiva/pepper_ros/devel/share/naoqi_bridge_msgs/msg/JointAnglesWithSpeedActionResult.msg
Symlinking /home/ciccio/Robotica_Cognitiva/pepper_ros/devel/share/naoqi_bridge_msgs/msg/JointAnglesWithSpeedActionFeedback.msg
Symlinking /home/ciccio/Robotica_Cognitiva/pepper_ros/devel/share/naoqi_bridge_msgs/msg/JointTrajectoryActionFeedback.msg
Symlinking /home/ciccio/Robotica_Cognitiva/pepper_ros/devel/share/naoqi_bridge_msgs/msg/SetSpeechVocabularyResult.msg
Symlinking /home/ciccio/Robotica_Cognitiva/pepper_ros/devel/share/naoqi_bridge_msgs/msg/BodyPoseGoal.msg
Symlinking /home/ciccio/Robotica_Cognitiva/pepper_ros/devel/share/naoqi_bridge_msgs/msg/BodyPoseActionResult.msg
Symlinking /home/ciccio/Robotica_Cognitiva/pepper_ros/devel/share/naoqi_bridge_msgs/msg/SetSpeechVocabularyActionResult.msg
Symlinking /home/ciccio/Robotica_Cognitiva/pepper_ros/devel/share/naoqi_bridge_msgs/msg/SetSpeechVocabularyGoal.msg
Symlinking /home/ciccio/Robotica_Cognitiva/pepper_ros/devel/share/naoqi_bridge_msgs/msg/SetSpeechVocabularyActionGoal.msg
Symlinking /home/ciccio/Robotica_Cognitiva/pepper_ros/devel/share/naoqi_bridge_msgs/msg/SpeechWithFeedbackFeedback.msg
Symlinking /home/ciccio/Robotica_Cognitiva/pepper_ros/devel/share/naoqi_bridge_msgs/msg/SetSpeechVocabularyFeedback.msg
Symlinking /home/ciccio/Robotica_Cognitiva/pepper_ros/devel/share/naoqi_bridge_msgs/msg/BlinkGoal.msg
Symlinking /home/ciccio/Robotica_Cognitiva/pepper_ros/devel/share/naoqi_bridge_msgs/msg/FollowPathGoal.msg
Symlinking /home/ciccio/Robotica_Cognitiva/pepper_ros/devel/share/naoqi_bridge_msgs/msg/JointAnglesWithSpeedActionGoal.msg
Symlinking /home/ciccio/Robotica_Cognitiva/pepper_ros/devel/share/naoqi_bridge_msgs/msg/RunBehaviorActionResult.msg
Symlinking /home/ciccio/Robotica_Cognitiva/pepper_ros/devel/share/naoqi_bridge_msgs/msg/FollowPathActionFeedback.msg
Symlinking /home/ciccio/Robotica_Cognitiva/pepper_ros/devel/share/naoqi_bridge_msgs/msg/SetSpeechVocabularyActionFeedback.msg
Symlinking /home/ciccio/Robotica_Cognitiva/pepper_ros/devel/share/naoqi_bridge_msgs/msg/FollowPathActionGoal.msg
Symlinking /home/ciccio/Robotica_Cognitiva/pepper_ros/devel/share/naoqi_bridge_msgs/msg/BodyPoseWithSpeedResult.msg
Symlinking /home/ciccio/Robotica_Cognitiva/pepper_ros/devel/share/naoqi_bridge_msgs/msg/JointTrajectoryActionResult.msg
Symlinking /home/ciccio/Robotica_Cognitiva/pepper_ros/devel/share/naoqi_bridge_msgs/msg/FollowPathAction.msg
Symlinking /home/ciccio/Robotica_Cognitiva/pepper_ros/devel/share/naoqi_bridge_msgs/msg/BodyPoseActionGoal.msg
Symlinking /home/ciccio/Robotica_Cognitiva/pepper_ros/devel/share/naoqi_bridge_msgs/msg/RunBehaviorGoal.msg
Symlinking /home/ciccio/Robotica_Cognitiva/pepper_ros/devel/share/naoqi_bridge_msgs/msg/SpeechWithFeedbackGoal.msg
Symlinking /home/ciccio/Robotica_Cognitiva/pepper_ros/devel/share/naoqi_bridge_msgs/msg/RunBehaviorActionFeedback.msg
Symlinking /home/ciccio/Robotica_Cognitiva/pepper_ros/devel/share/naoqi_bridge_msgs/msg/BodyPoseWithSpeedAction.msg
Symlinking /home/ciccio/Robotica_Cognitiva/pepper_ros/devel/share/naoqi_bridge_msgs/msg/FollowPathResult.msg
Symlinking /home/ciccio/Robotica_Cognitiva/pepper_ros/devel/share/naoqi_bridge_msgs/msg/BodyPoseActionFeedback.msg
Symlinking /home/ciccio/Robotica_Cognitiva/pepper_ros/devel/share/naoqi_bridge_msgs/msg/BodyPoseFeedback.msg
Symlinking /home/ciccio/Robotica_Cognitiva/pepper_ros/devel/share/naoqi_bridge_msgs/msg/BlinkResult.msg
Symlinking /home/ciccio/Robotica_Cognitiva/pepper_ros/devel/share/naoqi_bridge_msgs/msg/JointAnglesWithSpeedAction.msg
Symlinking /home/ciccio/Robotica_Cognitiva/pepper_ros/devel/share/naoqi_bridge_msgs/msg/BlinkActionResult.msg
Symlinking /home/ciccio/Robotica_Cognitiva/pepper_ros/devel/share/naoqi_bridge_msgs/msg/JointTrajectoryAction.msg
Symlinking /home/ciccio/Robotica_Cognitiva/pepper_ros/devel/share/naoqi_bridge_msgs/msg/BodyPoseWithSpeedFeedback.msg
Symlinking /home/ciccio/Robotica_Cognitiva/pepper_ros/devel/share/naoqi_bridge_msgs/msg/JointTrajectoryResult.msg
Symlinking /home/ciccio/Robotica_Cognitiva/pepper_ros/devel/share/naoqi_bridge_msgs/msg/BodyPoseWithSpeedActionGoal.msg
Symlinking /home/ciccio/Robotica_Cognitiva/pepper_ros/devel/share/naoqi_bridge_msgs/msg/JointTrajectoryGoal.msg
Symlinking /home/ciccio/Robotica_Cognitiva/pepper_ros/devel/share/naoqi_bridge_msgs/msg/RunBehaviorActionGoal.msg
Symlinking /home/ciccio/Robotica_Cognitiva/pepper_ros/devel/share/naoqi_bridge_msgs/msg/JointTrajectoryFeedback.msg
Symlinking /home/ciccio/Robotica_Cognitiva/pepper_ros/devel/share/naoqi_bridge_msgs/msg/JointAnglesWithSpeedGoal.msg
Symlinking /home/ciccio/Robotica_Cognitiva/pepper_ros/devel/share/naoqi_bridge_msgs/msg/BodyPoseWithSpeedActionFeedback.msg
Symlinking /home/ciccio/Robotica_Cognitiva/pepper_ros/devel/share/naoqi_bridge_msgs/msg/SpeechWithFeedbackAction.msg
Symlinking /home/ciccio/Robotica_Cognitiva/pepper_ros/devel/share/naoqi_bridge_msgs/msg/JointAnglesWithSpeedFeedback.msg
Symlinking /home/ciccio/Robotica_Cognitiva/pepper_ros/devel/share/naoqi_bridge_msgs/msg/BlinkFeedback.msg
Symlinking /home/ciccio/Robotica_Cognitiva/pepper_ros/devel/share/naoqi_bridge_msgs/msg/BodyPoseWithSpeedGoal.msg
Symlinking /home/ciccio/Robotica_Cognitiva/pepper_ros/devel/share/naoqi_bridge_msgs/msg/SpeechWithFeedbackActionResult.msg
Symlinking /home/ciccio/Robotica_Cognitiva/pepper_ros/devel/share/naoqi_bridge_msgs/msg/JointAnglesWithSpeedResult.msg
Symlinking /home/ciccio/Robotica_Cognitiva/pepper_ros/devel/share/naoqi_bridge_msgs/msg/SpeechWithFeedbackResult.msg
Symlinking /home/ciccio/Robotica_Cognitiva/pepper_ros/devel/share/naoqi_bridge_msgs/msg/SetSpeechVocabularyAction.msg
Symlinking /home/ciccio/Robotica_Cognitiva/pepper_ros/devel/share/naoqi_bridge_msgs/msg/SpeechWithFeedbackActionFeedback.msg
Symlinking /home/ciccio/Robotica_Cognitiva/pepper_ros/devel/share/naoqi_bridge_msgs/msg/SpeechWithFeedbackActionGoal.msg
Symlinking /home/ciccio/Robotica_Cognitiva/pepper_ros/devel/share/naoqi_bridge_msgs/msg/JointTrajectoryActionGoal.msg
Symlinking /home/ciccio/Robotica_Cognitiva/pepper_ros/devel/share/naoqi_bridge_msgs/msg/BodyPoseResult.msg
Symlinking /home/ciccio/Robotica_Cognitiva/pepper_ros/devel/share/naoqi_bridge_msgs/msg/BlinkActionFeedback.msg
Symlinking /home/ciccio/Robotica_Cognitiva/pepper_ros/devel/share/naoqi_bridge_msgs/msg/RunBehaviorFeedback.msg
Symlinking /home/ciccio/Robotica_Cognitiva/pepper_ros/devel/share/naoqi_bridge_msgs/msg/BlinkActionGoal.msg
Symlinking /home/ciccio/Robotica_Cognitiva/pepper_ros/devel/share/naoqi_bridge_msgs/msg/BodyPoseWithSpeedActionResult.msg
Symlinking /home/ciccio/Robotica_Cognitiva/pepper_ros/devel/share/naoqi_bridge_msgs/msg/RunBehaviorAction.msg
Symlinking /home/ciccio/Robotica_Cognitiva/pepper_ros/devel/share/naoqi_bridge_msgs/msg/RunBehaviorResult.msg
Symlinking /home/ciccio/Robotica_Cognitiva/pepper_ros/devel/share/naoqi_bridge_msgs/cmake/naoqi_bridge_msgs-msg-extras.cmake
Symlinking /home/ciccio/Robotica_Cognitiva/pepper_ros/devel/share/naoqi_bridge_msgs/cmake/naoqi_bridge_msgs-msg-paths.cmake
Symlinking /home/ciccio/Robotica_Cognitiva/pepper_ros/devel/share/naoqi_bridge_msgs/cmake/naoqi_bridge_msgsConfig.cmake
Symlinking /home/ciccio/Robotica_Cognitiva/pepper_ros/devel/share/naoqi_bridge_msgs/cmake/naoqi_bridge_msgsConfig-version.cmake
Symlinking /home/ciccio/Robotica_Cognitiva/pepper_ros/devel/share/common-lisp/ros/naoqi_bridge_msgs/srv/naoqi_bridge_msgs-srv.asd
Symlinking /home/ciccio/Robotica_Cognitiva/pepper_ros/devel/share/common-lisp/ros/naoqi_bridge_msgs/srv/GetString.lisp
Symlinking /home/ciccio/Robotica_Cognitiva/pepper_ros/devel/share/common-lisp/ros/naoqi_bridge_msgs/srv/_package_SetTransform.lisp
Symlinking /home/ciccio/Robotica_Cognitiva/pepper_ros/devel/share/common-lisp/ros/naoqi_bridge_msgs/srv/_package_GetFloat.lisp
Symlinking /home/ciccio/Robotica_Cognitiva/pepper_ros/devel/share/common-lisp/ros/naoqi_bridge_msgs/srv/_package_SetFloat.lisp
Symlinking /home/ciccio/Robotica_Cognitiva/pepper_ros/devel/share/common-lisp/ros/naoqi_bridge_msgs/srv/_package_GetString.lisp
Symlinking /home/ciccio/Robotica_Cognitiva/pepper_ros/devel/share/common-lisp/ros/naoqi_bridge_msgs/srv/_package_SetString.lisp
Symlinking /home/ciccio/Robotica_Cognitiva/pepper_ros/devel/share/common-lisp/ros/naoqi_bridge_msgs/srv/GetRobotInfo.lisp
Symlinking /home/ciccio/Robotica_Cognitiva/pepper_ros/devel/share/common-lisp/ros/naoqi_bridge_msgs/srv/_package_CmdPoseService.lisp
Symlinking /home/ciccio/Robotica_Cognitiva/pepper_ros/devel/share/common-lisp/ros/naoqi_bridge_msgs/srv/SetArmsEnabled.lisp
Symlinking /home/ciccio/Robotica_Cognitiva/pepper_ros/devel/share/common-lisp/ros/naoqi_bridge_msgs/srv/CmdVelService.lisp
Symlinking /home/ciccio/Robotica_Cognitiva/pepper_ros/devel/share/common-lisp/ros/naoqi_bridge_msgs/srv/_package_SetArmsEnabled.lisp
Symlinking /home/ciccio/Robotica_Cognitiva/pepper_ros/devel/share/common-lisp/ros/naoqi_bridge_msgs/srv/_package_GetFacesROI.lisp
Symlinking /home/ciccio/Robotica_Cognitiva/pepper_ros/devel/share/common-lisp/ros/naoqi_bridge_msgs/srv/GetInstalledBehaviors.lisp
Symlinking /home/ciccio/Robotica_Cognitiva/pepper_ros/devel/share/common-lisp/ros/naoqi_bridge_msgs/srv/GetFloat.lisp
Symlinking /home/ciccio/Robotica_Cognitiva/pepper_ros/devel/share/common-lisp/ros/naoqi_bridge_msgs/srv/OrthogonalSecurityDistance.lisp
Symlinking /home/ciccio/Robotica_Cognitiva/pepper_ros/devel/share/common-lisp/ros/naoqi_bridge_msgs/srv/SetString.lisp
Symlinking /home/ciccio/Robotica_Cognitiva/pepper_ros/devel/share/common-lisp/ros/naoqi_bridge_msgs/srv/GetFacesROI.lisp
Symlinking /home/ciccio/Robotica_Cognitiva/pepper_ros/devel/share/common-lisp/ros/naoqi_bridge_msgs/srv/CmdPoseService.lisp
Symlinking /home/ciccio/Robotica_Cognitiva/pepper_ros/devel/share/common-lisp/ros/naoqi_bridge_msgs/srv/SetTransform.lisp
Symlinking /home/ciccio/Robotica_Cognitiva/pepper_ros/devel/share/common-lisp/ros/naoqi_bridge_msgs/srv/_package_GetInstalledBehaviors.lisp
Symlinking /home/ciccio/Robotica_Cognitiva/pepper_ros/devel/share/common-lisp/ros/naoqi_bridge_msgs/srv/_package_GetTruepose.lisp
Symlinking /home/ciccio/Robotica_Cognitiva/pepper_ros/devel/share/common-lisp/ros/naoqi_bridge_msgs/srv/TangentialSecurityDistance.lisp
Symlinking /home/ciccio/Robotica_Cognitiva/pepper_ros/devel/share/common-lisp/ros/naoqi_bridge_msgs/srv/GetBodyROI.lisp
Symlinking /home/ciccio/Robotica_Cognitiva/pepper_ros/devel/share/common-lisp/ros/naoqi_bridge_msgs/srv/_package_GetRobotInfo.lisp
Symlinking /home/ciccio/Robotica_Cognitiva/pepper_ros/devel/share/common-lisp/ros/naoqi_bridge_msgs/srv/_package.lisp
Symlinking /home/ciccio/Robotica_Cognitiva/pepper_ros/devel/share/common-lisp/ros/naoqi_bridge_msgs/srv/_package_TangentialSecurityDistance.lisp
Symlinking /home/ciccio/Robotica_Cognitiva/pepper_ros/devel/share/common-lisp/ros/naoqi_bridge_msgs/srv/_package_OrthogonalSecurityDistance.lisp
Symlinking /home/ciccio/Robotica_Cognitiva/pepper_ros/devel/share/common-lisp/ros/naoqi_bridge_msgs/srv/_package_CmdVelService.lisp
Symlinking /home/ciccio/Robotica_Cognitiva/pepper_ros/devel/share/common-lisp/ros/naoqi_bridge_msgs/srv/GetTruepose.lisp
Symlinking /home/ciccio/Robotica_Cognitiva/pepper_ros/devel/share/common-lisp/ros/naoqi_bridge_msgs/srv/_package_GetBodyROI.lisp
Symlinking /home/ciccio/Robotica_Cognitiva/pepper_ros/devel/share/common-lisp/ros/naoqi_bridge_msgs/srv/SetFloat.lisp
Symlinking /home/ciccio/Robotica_Cognitiva/pepper_ros/devel/share/common-lisp/ros/naoqi_bridge_msgs/msg/BlinkFeedback.lisp
Symlinking /home/ciccio/Robotica_Cognitiva/pepper_ros/devel/share/common-lisp/ros/naoqi_bridge_msgs/msg/_package_FollowPathActionFeedback.lisp
Symlinking /home/ciccio/Robotica_Cognitiva/pepper_ros/devel/share/common-lisp/ros/naoqi_bridge_msgs/msg/BlinkResult.lisp
Symlinking /home/ciccio/Robotica_Cognitiva/pepper_ros/devel/share/common-lisp/ros/naoqi_bridge_msgs/msg/_package_JointTrajectoryGoal.lisp
Symlinking /home/ciccio/Robotica_Cognitiva/pepper_ros/devel/share/common-lisp/ros/naoqi_bridge_msgs/msg/HeadTouch.lisp
Symlinking /home/ciccio/Robotica_Cognitiva/pepper_ros/devel/share/common-lisp/ros/naoqi_bridge_msgs/msg/_package_RunBehaviorGoal.lisp
Symlinking /home/ciccio/Robotica_Cognitiva/pepper_ros/devel/share/common-lisp/ros/naoqi_bridge_msgs/msg/StatusChangeStamped.lisp
Symlinking /home/ciccio/Robotica_Cognitiva/pepper_ros/devel/share/common-lisp/ros/naoqi_bridge_msgs/msg/BlinkAction.lisp
Symlinking /home/ciccio/Robotica_Cognitiva/pepper_ros/devel/share/common-lisp/ros/naoqi_bridge_msgs/msg/BodyPoseWithSpeedAction.lisp
Symlinking /home/ciccio/Robotica_Cognitiva/pepper_ros/devel/share/common-lisp/ros/naoqi_bridge_msgs/msg/BodyPoseWithSpeedFeedback.lisp
Symlinking /home/ciccio/Robotica_Cognitiva/pepper_ros/devel/share/common-lisp/ros/naoqi_bridge_msgs/msg/_package_BodyPoseResult.lisp
Symlinking /home/ciccio/Robotica_Cognitiva/pepper_ros/devel/share/common-lisp/ros/naoqi_bridge_msgs/msg/_package_HandTouch.lisp
Symlinking /home/ciccio/Robotica_Cognitiva/pepper_ros/devel/share/common-lisp/ros/naoqi_bridge_msgs/msg/WordRecognized.lisp
Symlinking /home/ciccio/Robotica_Cognitiva/pepper_ros/devel/share/common-lisp/ros/naoqi_bridge_msgs/msg/BodyPoseAction.lisp
Symlinking /home/ciccio/Robotica_Cognitiva/pepper_ros/devel/share/common-lisp/ros/naoqi_bridge_msgs/msg/FollowPathAction.lisp
Symlinking /home/ciccio/Robotica_Cognitiva/pepper_ros/devel/share/common-lisp/ros/naoqi_bridge_msgs/msg/_package_SetSpeechVocabularyActionFeedback.lisp
Symlinking /home/ciccio/Robotica_Cognitiva/pepper_ros/devel/share/common-lisp/ros/naoqi_bridge_msgs/msg/BodyPoseWithSpeedActionFeedback.lisp
Symlinking /home/ciccio/Robotica_Cognitiva/pepper_ros/devel/share/common-lisp/ros/naoqi_bridge_msgs/msg/_package_MemoryPairString.lisp
Symlinking /home/ciccio/Robotica_Cognitiva/pepper_ros/devel/share/common-lisp/ros/naoqi_bridge_msgs/msg/IntArrayStamped.lisp
Symlinking /home/ciccio/Robotica_Cognitiva/pepper_ros/devel/share/common-lisp/ros/naoqi_bridge_msgs/msg/_package_BodyPoseActionGoal.lisp
Symlinking /home/ciccio/Robotica_Cognitiva/pepper_ros/devel/share/common-lisp/ros/naoqi_bridge_msgs/msg/AudioBuffer.lisp
Symlinking /home/ciccio/Robotica_Cognitiva/pepper_ros/devel/share/common-lisp/ros/naoqi_bridge_msgs/msg/_package_BlinkActionGoal.lisp
Symlinking /home/ciccio/Robotica_Cognitiva/pepper_ros/devel/share/common-lisp/ros/naoqi_bridge_msgs/msg/_package_BodyPoseWithSpeedFeedback.lisp
Symlinking /home/ciccio/Robotica_Cognitiva/pepper_ros/devel/share/common-lisp/ros/naoqi_bridge_msgs/msg/MemoryList.lisp
Symlinking /home/ciccio/Robotica_Cognitiva/pepper_ros/devel/share/common-lisp/ros/naoqi_bridge_msgs/msg/_package_MemoryPairInt.lisp
Symlinking /home/ciccio/Robotica_Cognitiva/pepper_ros/devel/share/common-lisp/ros/naoqi_bridge_msgs/msg/SetSpeechVocabularyActionFeedback.lisp
Symlinking /home/ciccio/Robotica_Cognitiva/pepper_ros/devel/share/common-lisp/ros/naoqi_bridge_msgs/msg/JointAnglesWithSpeedActionFeedback.lisp
Symlinking /home/ciccio/Robotica_Cognitiva/pepper_ros/devel/share/common-lisp/ros/naoqi_bridge_msgs/msg/SetSpeechVocabularyGoal.lisp
Symlinking /home/ciccio/Robotica_Cognitiva/pepper_ros/devel/share/common-lisp/ros/naoqi_bridge_msgs/msg/_package_BlinkResult.lisp
Symlinking /home/ciccio/Robotica_Cognitiva/pepper_ros/devel/share/common-lisp/ros/naoqi_bridge_msgs/msg/JointTrajectoryActionGoal.lisp
Symlinking /home/ciccio/Robotica_Cognitiva/pepper_ros/devel/share/common-lisp/ros/naoqi_bridge_msgs/msg/BlinkActionResult.lisp
Symlinking /home/ciccio/Robotica_Cognitiva/pepper_ros/devel/share/common-lisp/ros/naoqi_bridge_msgs/msg/_package_MemoryPairFloat.lisp
Symlinking /home/ciccio/Robotica_Cognitiva/pepper_ros/devel/share/common-lisp/ros/naoqi_bridge_msgs/msg/SoundLocated.lisp
Symlinking /home/ciccio/Robotica_Cognitiva/pepper_ros/devel/share/common-lisp/ros/naoqi_bridge_msgs/msg/_package_RunBehaviorActionResult.lisp
Symlinking /home/ciccio/Robotica_Cognitiva/pepper_ros/devel/share/common-lisp/ros/naoqi_bridge_msgs/msg/RunBehaviorResult.lisp
Symlinking /home/ciccio/Robotica_Cognitiva/pepper_ros/devel/share/common-lisp/ros/naoqi_bridge_msgs/msg/BodyPoseResult.lisp
Symlinking /home/ciccio/Robotica_Cognitiva/pepper_ros/devel/share/common-lisp/ros/naoqi_bridge_msgs/msg/_package_BlinkActionFeedback.lisp
Symlinking /home/ciccio/Robotica_Cognitiva/pepper_ros/devel/share/common-lisp/ros/naoqi_bridge_msgs/msg/FollowPathGoal.lisp
Symlinking /home/ciccio/Robotica_Cognitiva/pepper_ros/devel/share/common-lisp/ros/naoqi_bridge_msgs/msg/_package_RunBehaviorResult.lisp
Symlinking /home/ciccio/Robotica_Cognitiva/pepper_ros/devel/share/common-lisp/ros/naoqi_bridge_msgs/msg/JointAnglesWithSpeedActionGoal.lisp
Symlinking /home/ciccio/Robotica_Cognitiva/pepper_ros/devel/share/common-lisp/ros/naoqi_bridge_msgs/msg/_package_IntArrayStamped.lisp
Symlinking /home/ciccio/Robotica_Cognitiva/pepper_ros/devel/share/common-lisp/ros/naoqi_bridge_msgs/msg/_package_JointTrajectoryAction.lisp
Symlinking /home/ciccio/Robotica_Cognitiva/pepper_ros/devel/share/common-lisp/ros/naoqi_bridge_msgs/msg/_package_StringStamped.lisp
Symlinking /home/ciccio/Robotica_Cognitiva/pepper_ros/devel/share/common-lisp/ros/naoqi_bridge_msgs/msg/_package_RunBehaviorActionGoal.lisp
Symlinking /home/ciccio/Robotica_Cognitiva/pepper_ros/devel/share/common-lisp/ros/naoqi_bridge_msgs/msg/SpeechWithFeedbackActionResult.lisp
Symlinking /home/ciccio/Robotica_Cognitiva/pepper_ros/devel/share/common-lisp/ros/naoqi_bridge_msgs/msg/BodyPoseWithSpeedResult.lisp
Symlinking /home/ciccio/Robotica_Cognitiva/pepper_ros/devel/share/common-lisp/ros/naoqi_bridge_msgs/msg/_package_SetSpeechVocabularyFeedback.lisp
Symlinking /home/ciccio/Robotica_Cognitiva/pepper_ros/devel/share/common-lisp/ros/naoqi_bridge_msgs/msg/JointAnglesWithSpeedFeedback.lisp
Symlinking /home/ciccio/Robotica_Cognitiva/pepper_ros/devel/share/common-lisp/ros/naoqi_bridge_msgs/msg/MemoryPairString.lisp
Symlinking /home/ciccio/Robotica_Cognitiva/pepper_ros/devel/share/common-lisp/ros/naoqi_bridge_msgs/msg/_package_BlinkAction.lisp
Symlinking /home/ciccio/Robotica_Cognitiva/pepper_ros/devel/share/common-lisp/ros/naoqi_bridge_msgs/msg/_package_BodyPoseActionResult.lisp
Symlinking /home/ciccio/Robotica_Cognitiva/pepper_ros/devel/share/common-lisp/ros/naoqi_bridge_msgs/msg/_package_SetSpeechVocabularyResult.lisp
Symlinking /home/ciccio/Robotica_Cognitiva/pepper_ros/devel/share/common-lisp/ros/naoqi_bridge_msgs/msg/_package_FollowPathGoal.lisp
Symlinking /home/ciccio/Robotica_Cognitiva/pepper_ros/devel/share/common-lisp/ros/naoqi_bridge_msgs/msg/_package_BlinkFeedback.lisp
Symlinking /home/ciccio/Robotica_Cognitiva/pepper_ros/devel/share/common-lisp/ros/naoqi_bridge_msgs/msg/_package_JointAnglesWithSpeedActionFeedback.lisp
Symlinking /home/ciccio/Robotica_Cognitiva/pepper_ros/devel/share/common-lisp/ros/naoqi_bridge_msgs/msg/_package_JointAnglesWithSpeed.lisp
Symlinking /home/ciccio/Robotica_Cognitiva/pepper_ros/devel/share/common-lisp/ros/naoqi_bridge_msgs/msg/FaceROI.lisp
Symlinking /home/ciccio/Robotica_Cognitiva/pepper_ros/devel/share/common-lisp/ros/naoqi_bridge_msgs/msg/_package_BlinkActionResult.lisp
Symlinking /home/ciccio/Robotica_Cognitiva/pepper_ros/devel/share/common-lisp/ros/naoqi_bridge_msgs/msg/_package_SetSpeechVocabularyActionGoal.lisp
Symlinking /home/ciccio/Robotica_Cognitiva/pepper_ros/devel/share/common-lisp/ros/naoqi_bridge_msgs/msg/_package_BoolStamped.lisp
Symlinking /home/ciccio/Robotica_Cognitiva/pepper_ros/devel/share/common-lisp/ros/naoqi_bridge_msgs/msg/StringArrayStamped.lisp
Symlinking /home/ciccio/Robotica_Cognitiva/pepper_ros/devel/share/common-lisp/ros/naoqi_bridge_msgs/msg/RunBehaviorFeedback.lisp
Symlinking /home/ciccio/Robotica_Cognitiva/pepper_ros/devel/share/common-lisp/ros/naoqi_bridge_msgs/msg/FollowPathActionResult.lisp
Symlinking /home/ciccio/Robotica_Cognitiva/pepper_ros/devel/share/common-lisp/ros/naoqi_bridge_msgs/msg/_package_MemoryList.lisp
Symlinking /home/ciccio/Robotica_Cognitiva/pepper_ros/devel/share/common-lisp/ros/naoqi_bridge_msgs/msg/BlinkActionGoal.lisp
Symlinking /home/ciccio/Robotica_Cognitiva/pepper_ros/devel/share/common-lisp/ros/naoqi_bridge_msgs/msg/FloatStamped.lisp
Symlinking /home/ciccio/Robotica_Cognitiva/pepper_ros/devel/share/common-lisp/ros/naoqi_bridge_msgs/msg/JointAnglesWithSpeedAction.lisp
Symlinking /home/ciccio/Robotica_Cognitiva/pepper_ros/devel/share/common-lisp/ros/naoqi_bridge_msgs/msg/SpeechWithFeedbackResult.lisp
Symlinking /home/ciccio/Robotica_Cognitiva/pepper_ros/devel/share/common-lisp/ros/naoqi_bridge_msgs/msg/_package_EventStamped.lisp
Symlinking /home/ciccio/Robotica_Cognitiva/pepper_ros/devel/share/common-lisp/ros/naoqi_bridge_msgs/msg/SpeechWithFeedbackGoal.lisp
Symlinking /home/ciccio/Robotica_Cognitiva/pepper_ros/devel/share/common-lisp/ros/naoqi_bridge_msgs/msg/SetSpeechVocabularyAction.lisp
Symlinking /home/ciccio/Robotica_Cognitiva/pepper_ros/devel/share/common-lisp/ros/naoqi_bridge_msgs/msg/BodyPoseActionResult.lisp
Symlinking /home/ciccio/Robotica_Cognitiva/pepper_ros/devel/share/common-lisp/ros/naoqi_bridge_msgs/msg/_package_SpeechWithFeedbackGoal.lisp
Symlinking /home/ciccio/Robotica_Cognitiva/pepper_ros/devel/share/common-lisp/ros/naoqi_bridge_msgs/msg/_package_RunBehaviorActionFeedback.lisp
Symlinking /home/ciccio/Robotica_Cognitiva/pepper_ros/devel/share/common-lisp/ros/naoqi_bridge_msgs/msg/_package_JointAnglesWithSpeedFeedback.lisp
Symlinking /home/ciccio/Robotica_Cognitiva/pepper_ros/devel/share/common-lisp/ros/naoqi_bridge_msgs/msg/_package_BodyPoseActionFeedback.lisp
Symlinking /home/ciccio/Robotica_Cognitiva/pepper_ros/devel/share/common-lisp/ros/naoqi_bridge_msgs/msg/FollowPathFeedback.lisp
Symlinking /home/ciccio/Robotica_Cognitiva/pepper_ros/devel/share/common-lisp/ros/naoqi_bridge_msgs/msg/_package_BodyPoseWithSpeedActionGoal.lisp
Symlinking /home/ciccio/Robotica_Cognitiva/pepper_ros/devel/share/common-lisp/ros/naoqi_bridge_msgs/msg/_package_BodyPoseWithSpeedActionFeedback.lisp
Symlinking /home/ciccio/Robotica_Cognitiva/pepper_ros/devel/share/common-lisp/ros/naoqi_bridge_msgs/msg/BodyPoseWithSpeedActionGoal.lisp
Symlinking /home/ciccio/Robotica_Cognitiva/pepper_ros/devel/share/common-lisp/ros/naoqi_bridge_msgs/msg/JointTrajectoryActionResult.lisp
Symlinking /home/ciccio/Robotica_Cognitiva/pepper_ros/devel/share/common-lisp/ros/naoqi_bridge_msgs/msg/_package_JointAnglesWithSpeedResult.lisp
Symlinking /home/ciccio/Robotica_Cognitiva/pepper_ros/devel/share/common-lisp/ros/naoqi_bridge_msgs/msg/_package_BodyPoseWithSpeedResult.lisp
Symlinking /home/ciccio/Robotica_Cognitiva/pepper_ros/devel/share/common-lisp/ros/naoqi_bridge_msgs/msg/FloatArrayStamped.lisp
Symlinking /home/ciccio/Robotica_Cognitiva/pepper_ros/devel/share/common-lisp/ros/naoqi_bridge_msgs/msg/_package_JointAnglesWithSpeedGoal.lisp
Symlinking /home/ciccio/Robotica_Cognitiva/pepper_ros/devel/share/common-lisp/ros/naoqi_bridge_msgs/msg/HandTouch.lisp
Symlinking /home/ciccio/Robotica_Cognitiva/pepper_ros/devel/share/common-lisp/ros/naoqi_bridge_msgs/msg/SetSpeechVocabularyActionResult.lisp
Symlinking /home/ciccio/Robotica_Cognitiva/pepper_ros/devel/share/common-lisp/ros/naoqi_bridge_msgs/msg/BlinkGoal.lisp
Symlinking /home/ciccio/Robotica_Cognitiva/pepper_ros/devel/share/common-lisp/ros/naoqi_bridge_msgs/msg/_package_JointTrajectoryActionFeedback.lisp
Symlinking /home/ciccio/Robotica_Cognitiva/pepper_ros/devel/share/common-lisp/ros/naoqi_bridge_msgs/msg/_package_SetSpeechVocabularyActionResult.lisp
Symlinking /home/ciccio/Robotica_Cognitiva/pepper_ros/devel/share/common-lisp/ros/naoqi_bridge_msgs/msg/_package_WordRecognized.lisp
Symlinking /home/ciccio/Robotica_Cognitiva/pepper_ros/devel/share/common-lisp/ros/naoqi_bridge_msgs/msg/_package_JointAnglesWithSpeedAction.lisp
Symlinking /home/ciccio/Robotica_Cognitiva/pepper_ros/devel/share/common-lisp/ros/naoqi_bridge_msgs/msg/JointAnglesWithSpeedActionResult.lisp
Symlinking /home/ciccio/Robotica_Cognitiva/pepper_ros/devel/share/common-lisp/ros/naoqi_bridge_msgs/msg/_package_SetSpeechVocabularyAction.lisp
Symlinking /home/ciccio/Robotica_Cognitiva/pepper_ros/devel/share/common-lisp/ros/naoqi_bridge_msgs/msg/RunBehaviorGoal.lisp
Symlinking /home/ciccio/Robotica_Cognitiva/pepper_ros/devel/share/common-lisp/ros/naoqi_bridge_msgs/msg/_package_SpeechWithFeedbackFeedback.lisp
Symlinking /home/ciccio/Robotica_Cognitiva/pepper_ros/devel/share/common-lisp/ros/naoqi_bridge_msgs/msg/_package_BodyPoseGoal.lisp
Symlinking /home/ciccio/Robotica_Cognitiva/pepper_ros/devel/share/common-lisp/ros/naoqi_bridge_msgs/msg/BoolStamped.lisp
Symlinking /home/ciccio/Robotica_Cognitiva/pepper_ros/devel/share/common-lisp/ros/naoqi_bridge_msgs/msg/_package_FaceROI.lisp
Symlinking /home/ciccio/Robotica_Cognitiva/pepper_ros/devel/share/common-lisp/ros/naoqi_bridge_msgs/msg/_package_SpeechWithFeedbackResult.lisp
Symlinking /home/ciccio/Robotica_Cognitiva/pepper_ros/devel/share/common-lisp/ros/naoqi_bridge_msgs/msg/RunBehaviorAction.lisp
Symlinking /home/ciccio/Robotica_Cognitiva/pepper_ros/devel/share/common-lisp/ros/naoqi_bridge_msgs/msg/BodyROI.lisp
Symlinking /home/ciccio/Robotica_Cognitiva/pepper_ros/devel/share/common-lisp/ros/naoqi_bridge_msgs/msg/JointTrajectoryActionFeedback.lisp
Symlinking /home/ciccio/Robotica_Cognitiva/pepper_ros/devel/share/common-lisp/ros/naoqi_bridge_msgs/msg/BodyPoseActionFeedback.lisp
Symlinking /home/ciccio/Robotica_Cognitiva/pepper_ros/devel/share/common-lisp/ros/naoqi_bridge_msgs/msg/BodyPoseFeedback.lisp
Symlinking /home/ciccio/Robotica_Cognitiva/pepper_ros/devel/share/common-lisp/ros/naoqi_bridge_msgs/msg/_package_FollowPathFeedback.lisp
Symlinking /home/ciccio/Robotica_Cognitiva/pepper_ros/devel/share/common-lisp/ros/naoqi_bridge_msgs/msg/JointAnglesWithSpeed.lisp
Symlinking /home/ciccio/Robotica_Cognitiva/pepper_ros/devel/share/common-lisp/ros/naoqi_bridge_msgs/msg/SpeechWithFeedbackActionGoal.lisp
Symlinking /home/ciccio/Robotica_Cognitiva/pepper_ros/devel/share/common-lisp/ros/naoqi_bridge_msgs/msg/JointAngleTrajectory.lisp
Symlinking /home/ciccio/Robotica_Cognitiva/pepper_ros/devel/share/common-lisp/ros/naoqi_bridge_msgs/msg/naoqi_bridge_msgs-msg.asd
Symlinking /home/ciccio/Robotica_Cognitiva/pepper_ros/devel/share/common-lisp/ros/naoqi_bridge_msgs/msg/EventStamped.lisp
Symlinking /home/ciccio/Robotica_Cognitiva/pepper_ros/devel/share/common-lisp/ros/naoqi_bridge_msgs/msg/_package_RunBehaviorFeedback.lisp
Symlinking /home/ciccio/Robotica_Cognitiva/pepper_ros/devel/share/common-lisp/ros/naoqi_bridge_msgs/msg/BodyPoseActionGoal.lisp
Symlinking /home/ciccio/Robotica_Cognitiva/pepper_ros/devel/share/common-lisp/ros/naoqi_bridge_msgs/msg/BodyPoseGoal.lisp
Symlinking /home/ciccio/Robotica_Cognitiva/pepper_ros/devel/share/common-lisp/ros/naoqi_bridge_msgs/msg/FollowPathResult.lisp
Symlinking /home/ciccio/Robotica_Cognitiva/pepper_ros/devel/share/common-lisp/ros/naoqi_bridge_msgs/msg/_package_JointTrajectoryResult.lisp
Symlinking /home/ciccio/Robotica_Cognitiva/pepper_ros/devel/share/common-lisp/ros/naoqi_bridge_msgs/msg/RunBehaviorActionFeedback.lisp
Symlinking /home/ciccio/Robotica_Cognitiva/pepper_ros/devel/share/common-lisp/ros/naoqi_bridge_msgs/msg/SpeechWithFeedbackActionFeedback.lisp
Symlinking /home/ciccio/Robotica_Cognitiva/pepper_ros/devel/share/common-lisp/ros/naoqi_bridge_msgs/msg/RunBehaviorActionResult.lisp
Symlinking /home/ciccio/Robotica_Cognitiva/pepper_ros/devel/share/common-lisp/ros/naoqi_bridge_msgs/msg/_package_JointAnglesWithSpeedActionGoal.lisp
Symlinking /home/ciccio/Robotica_Cognitiva/pepper_ros/devel/share/common-lisp/ros/naoqi_bridge_msgs/msg/_package_SoundLocated.lisp
Symlinking /home/ciccio/Robotica_Cognitiva/pepper_ros/devel/share/common-lisp/ros/naoqi_bridge_msgs/msg/_package_RunBehaviorAction.lisp
Symlinking /home/ciccio/Robotica_Cognitiva/pepper_ros/devel/share/common-lisp/ros/naoqi_bridge_msgs/msg/BlinkActionFeedback.lisp
Symlinking /home/ciccio/Robotica_Cognitiva/pepper_ros/devel/share/common-lisp/ros/naoqi_bridge_msgs/msg/_package_RobotInfo.lisp
Symlinking /home/ciccio/Robotica_Cognitiva/pepper_ros/devel/share/common-lisp/ros/naoqi_bridge_msgs/msg/_package_HeadTouch.lisp
Symlinking /home/ciccio/Robotica_Cognitiva/pepper_ros/devel/share/common-lisp/ros/naoqi_bridge_msgs/msg/_package_FadeRGB.lisp
Symlinking /home/ciccio/Robotica_Cognitiva/pepper_ros/devel/share/common-lisp/ros/naoqi_bridge_msgs/msg/_package_SetSpeechVocabularyGoal.lisp
Symlinking /home/ciccio/Robotica_Cognitiva/pepper_ros/devel/share/common-lisp/ros/naoqi_bridge_msgs/msg/BodyPoseWithSpeedGoal.lisp
Symlinking /home/ciccio/Robotica_Cognitiva/pepper_ros/devel/share/common-lisp/ros/naoqi_bridge_msgs/msg/SetSpeechVocabularyResult.lisp
Symlinking /home/ciccio/Robotica_Cognitiva/pepper_ros/devel/share/common-lisp/ros/naoqi_bridge_msgs/msg/_package_BodyPoseWithSpeedAction.lisp
Symlinking /home/ciccio/Robotica_Cognitiva/pepper_ros/devel/share/common-lisp/ros/naoqi_bridge_msgs/msg/_package_IntStamped.lisp
Symlinking /home/ciccio/Robotica_Cognitiva/pepper_ros/devel/share/common-lisp/ros/naoqi_bridge_msgs/msg/_package_JointTrajectoryFeedback.lisp
Symlinking /home/ciccio/Robotica_Cognitiva/pepper_ros/devel/share/common-lisp/ros/naoqi_bridge_msgs/msg/_package_JointAngleTrajectory.lisp
Symlinking /home/ciccio/Robotica_Cognitiva/pepper_ros/devel/share/common-lisp/ros/naoqi_bridge_msgs/msg/IntStamped.lisp
Symlinking /home/ciccio/Robotica_Cognitiva/pepper_ros/devel/share/common-lisp/ros/naoqi_bridge_msgs/msg/_package_AudioBuffer.lisp
Symlinking /home/ciccio/Robotica_Cognitiva/pepper_ros/devel/share/common-lisp/ros/naoqi_bridge_msgs/msg/SetSpeechVocabularyFeedback.lisp
Symlinking /home/ciccio/Robotica_Cognitiva/pepper_ros/devel/share/common-lisp/ros/naoqi_bridge_msgs/msg/_package_BodyPoseAction.lisp
Symlinking /home/ciccio/Robotica_Cognitiva/pepper_ros/devel/share/common-lisp/ros/naoqi_bridge_msgs/msg/_package_JointAnglesWithSpeedActionResult.lisp
Symlinking /home/ciccio/Robotica_Cognitiva/pepper_ros/devel/share/common-lisp/ros/naoqi_bridge_msgs/msg/JointTrajectoryResult.lisp
Symlinking /home/ciccio/Robotica_Cognitiva/pepper_ros/devel/share/common-lisp/ros/naoqi_bridge_msgs/msg/_package_StatusChangeStamped.lisp
Symlinking /home/ciccio/Robotica_Cognitiva/pepper_ros/devel/share/common-lisp/ros/naoqi_bridge_msgs/msg/_package_BodyROI.lisp
Symlinking /home/ciccio/Robotica_Cognitiva/pepper_ros/devel/share/common-lisp/ros/naoqi_bridge_msgs/msg/SpeechWithFeedbackAction.lisp
Symlinking /home/ciccio/Robotica_Cognitiva/pepper_ros/devel/share/common-lisp/ros/naoqi_bridge_msgs/msg/FollowPathActionGoal.lisp
Symlinking /home/ciccio/Robotica_Cognitiva/pepper_ros/devel/share/common-lisp/ros/naoqi_bridge_msgs/msg/JointTrajectoryAction.lisp
Symlinking /home/ciccio/Robotica_Cognitiva/pepper_ros/devel/share/common-lisp/ros/naoqi_bridge_msgs/msg/_package_JointTrajectoryActionResult.lisp
Symlinking /home/ciccio/Robotica_Cognitiva/pepper_ros/devel/share/common-lisp/ros/naoqi_bridge_msgs/msg/_package_FollowPathAction.lisp
Symlinking /home/ciccio/Robotica_Cognitiva/pepper_ros/devel/share/common-lisp/ros/naoqi_bridge_msgs/msg/FadeRGB.lisp
Symlinking /home/ciccio/Robotica_Cognitiva/pepper_ros/devel/share/common-lisp/ros/naoqi_bridge_msgs/msg/_package_SpeechWithFeedbackActionGoal.lisp
Symlinking /home/ciccio/Robotica_Cognitiva/pepper_ros/devel/share/common-lisp/ros/naoqi_bridge_msgs/msg/_package_FloatArrayStamped.lisp
Symlinking /home/ciccio/Robotica_Cognitiva/pepper_ros/devel/share/common-lisp/ros/naoqi_bridge_msgs/msg/_package_JointTrajectoryActionGoal.lisp
Symlinking /home/ciccio/Robotica_Cognitiva/pepper_ros/devel/share/common-lisp/ros/naoqi_bridge_msgs/msg/_package_BlinkGoal.lisp
Symlinking /home/ciccio/Robotica_Cognitiva/pepper_ros/devel/share/common-lisp/ros/naoqi_bridge_msgs/msg/MemoryPairInt.lisp
Symlinking /home/ciccio/Robotica_Cognitiva/pepper_ros/devel/share/common-lisp/ros/naoqi_bridge_msgs/msg/RunBehaviorActionGoal.lisp
Symlinking /home/ciccio/Robotica_Cognitiva/pepper_ros/devel/share/common-lisp/ros/naoqi_bridge_msgs/msg/PoseWithConfidenceStamped.lisp
Symlinking /home/ciccio/Robotica_Cognitiva/pepper_ros/devel/share/common-lisp/ros/naoqi_bridge_msgs/msg/JointAnglesWithSpeedGoal.lisp
Symlinking /home/ciccio/Robotica_Cognitiva/pepper_ros/devel/share/common-lisp/ros/naoqi_bridge_msgs/msg/JointTrajectoryFeedback.lisp
Symlinking /home/ciccio/Robotica_Cognitiva/pepper_ros/devel/share/common-lisp/ros/naoqi_bridge_msgs/msg/RobotInfo.lisp
Symlinking /home/ciccio/Robotica_Cognitiva/pepper_ros/devel/share/common-lisp/ros/naoqi_bridge_msgs/msg/_package_BodyPoseWithSpeedActionResult.lisp
Symlinking /home/ciccio/Robotica_Cognitiva/pepper_ros/devel/share/common-lisp/ros/naoqi_bridge_msgs/msg/_package_FloatStamped.lisp
Symlinking /home/ciccio/Robotica_Cognitiva/pepper_ros/devel/share/common-lisp/ros/naoqi_bridge_msgs/msg/_package.lisp
Symlinking /home/ciccio/Robotica_Cognitiva/pepper_ros/devel/share/common-lisp/ros/naoqi_bridge_msgs/msg/_package_BodyPoseWithSpeedGoal.lisp
Symlinking /home/ciccio/Robotica_Cognitiva/pepper_ros/devel/share/common-lisp/ros/naoqi_bridge_msgs/msg/Bumper.lisp
Symlinking /home/ciccio/Robotica_Cognitiva/pepper_ros/devel/share/common-lisp/ros/naoqi_bridge_msgs/msg/FollowPathActionFeedback.lisp
Symlinking /home/ciccio/Robotica_Cognitiva/pepper_ros/devel/share/common-lisp/ros/naoqi_bridge_msgs/msg/_package_FollowPathResult.lisp
Symlinking /home/ciccio/Robotica_Cognitiva/pepper_ros/devel/share/common-lisp/ros/naoqi_bridge_msgs/msg/JointAnglesWithSpeedResult.lisp
Symlinking /home/ciccio/Robotica_Cognitiva/pepper_ros/devel/share/common-lisp/ros/naoqi_bridge_msgs/msg/JointTrajectoryGoal.lisp
Symlinking /home/ciccio/Robotica_Cognitiva/pepper_ros/devel/share/common-lisp/ros/naoqi_bridge_msgs/msg/_package_SpeechWithFeedbackAction.lisp
Symlinking /home/ciccio/Robotica_Cognitiva/pepper_ros/devel/share/common-lisp/ros/naoqi_bridge_msgs/msg/SpeechWithFeedbackFeedback.lisp
Symlinking /home/ciccio/Robotica_Cognitiva/pepper_ros/devel/share/common-lisp/ros/naoqi_bridge_msgs/msg/_package_FollowPathActionResult.lisp
Symlinking /home/ciccio/Robotica_Cognitiva/pepper_ros/devel/share/common-lisp/ros/naoqi_bridge_msgs/msg/_package_FollowPathActionGoal.lisp
Symlinking /home/ciccio/Robotica_Cognitiva/pepper_ros/devel/share/common-lisp/ros/naoqi_bridge_msgs/msg/_package_SpeechWithFeedbackActionFeedback.lisp
Symlinking /home/ciccio/Robotica_Cognitiva/pepper_ros/devel/share/common-lisp/ros/naoqi_bridge_msgs/msg/_package_BodyPoseFeedback.lisp
Symlinking /home/ciccio/Robotica_Cognitiva/pepper_ros/devel/share/common-lisp/ros/naoqi_bridge_msgs/msg/_package_StringArrayStamped.lisp
Symlinking /home/ciccio/Robotica_Cognitiva/pepper_ros/devel/share/common-lisp/ros/naoqi_bridge_msgs/msg/BodyPoseWithSpeedActionResult.lisp
Symlinking /home/ciccio/Robotica_Cognitiva/pepper_ros/devel/share/common-lisp/ros/naoqi_bridge_msgs/msg/MemoryPairFloat.lisp
Symlinking /home/ciccio/Robotica_Cognitiva/pepper_ros/devel/share/common-lisp/ros/naoqi_bridge_msgs/msg/_package_SpeechWithFeedbackActionResult.lisp
Symlinking /home/ciccio/Robotica_Cognitiva/pepper_ros/devel/share/common-lisp/ros/naoqi_bridge_msgs/msg/_package_PoseWithConfidenceStamped.lisp
Symlinking /home/ciccio/Robotica_Cognitiva/pepper_ros/devel/share/common-lisp/ros/naoqi_bridge_msgs/msg/_package_Bumper.lisp
Symlinking /home/ciccio/Robotica_Cognitiva/pepper_ros/devel/share/common-lisp/ros/naoqi_bridge_msgs/msg/StringStamped.lisp
Symlinking /home/ciccio/Robotica_Cognitiva/pepper_ros/devel/share/common-lisp/ros/naoqi_bridge_msgs/msg/SetSpeechVocabularyActionGoal.lisp
