Determining if the pthread_create exist failed with the following output:
Change Dir: /home/mivia/pepper_ros_ws/build/controller/CMakeFiles/CMakeTmp

Run Build Command:"/usr/bin/make" "cmTC_52126/fast"
/usr/bin/make -f CMakeFiles/cmTC_52126.dir/build.make CMakeFiles/cmTC_52126.dir/build
make[1]: Entering directory '/home/mivia/pepper_ros_ws/build/controller/CMakeFiles/CMakeTmp'
Building C object CMakeFiles/cmTC_52126.dir/CheckSymbolExists.c.o
/usr/bin/cc    -o CMakeFiles/cmTC_52126.dir/CheckSymbolExists.c.o   -c /home/mivia/pepper_ros_ws/build/controller/CMakeFiles/CMakeTmp/CheckSymbolExists.c
Linking C executable cmTC_52126
/usr/bin/cmake -E cmake_link_script CMakeFiles/cmTC_52126.dir/link.txt --verbose=1
/usr/bin/cc      -rdynamic CMakeFiles/cmTC_52126.dir/CheckSymbolExists.c.o  -o cmTC_52126 
CMakeFiles/cmTC_52126.dir/CheckSymbolExists.c.o: In function `main':
CheckSymbolExists.c:(.text+0x1b): undefined reference to `pthread_create'
collect2: error: ld returned 1 exit status
CMakeFiles/cmTC_52126.dir/build.make:97: recipe for target 'cmTC_52126' failed
make[1]: *** [cmTC_52126] Error 1
make[1]: Leaving directory '/home/mivia/pepper_ros_ws/build/controller/CMakeFiles/CMakeTmp'
Makefile:126: recipe for target 'cmTC_52126/fast' failed
make: *** [cmTC_52126/fast] Error 2

File /home/mivia/pepper_ros_ws/build/controller/CMakeFiles/CMakeTmp/CheckSymbolExists.c:
/* */
#include <pthread.h>

int main(int argc, char** argv)
{
  (void)argv;
#ifndef pthread_create
  return ((int*)(&pthread_create))[argc];
#else
  (void)argc;
  return 0;
#endif
}

Determining if the function pthread_create exists in the pthreads failed with the following output:
Change Dir: /home/mivia/pepper_ros_ws/build/controller/CMakeFiles/CMakeTmp

Run Build Command:"/usr/bin/make" "cmTC_57208/fast"
/usr/bin/make -f CMakeFiles/cmTC_57208.dir/build.make CMakeFiles/cmTC_57208.dir/build
make[1]: Entering directory '/home/mivia/pepper_ros_ws/build/controller/CMakeFiles/CMakeTmp'
Building C object CMakeFiles/cmTC_57208.dir/CheckFunctionExists.c.o
/usr/bin/cc   -DCHECK_FUNCTION_EXISTS=pthread_create   -o CMakeFiles/cmTC_57208.dir/CheckFunctionExists.c.o   -c /usr/share/cmake-3.10/Modules/CheckFunctionExists.c
Linking C executable cmTC_57208
/usr/bin/cmake -E cmake_link_script CMakeFiles/cmTC_57208.dir/link.txt --verbose=1
/usr/bin/cc  -DCHECK_FUNCTION_EXISTS=pthread_create    -rdynamic CMakeFiles/cmTC_57208.dir/CheckFunctionExists.c.o  -o cmTC_57208 -lpthreads 
/usr/bin/ld: cannot find -lpthreads
collect2: error: ld returned 1 exit status
CMakeFiles/cmTC_57208.dir/build.make:97: recipe for target 'cmTC_57208' failed
make[1]: *** [cmTC_57208] Error 1
make[1]: Leaving directory '/home/mivia/pepper_ros_ws/build/controller/CMakeFiles/CMakeTmp'
Makefile:126: recipe for target 'cmTC_57208/fast' failed
make: *** [cmTC_57208/fast] Error 2


