Determining if the pthread_create exist failed with the following output:
Change Dir: /home/ciccio/Robotica_Cognitiva/pepper_ros/build/move_head/CMakeFiles/CMakeTmp

Run Build Command:"/usr/bin/make" "cmTC_bc44d/fast"
/usr/bin/make -f CMakeFiles/cmTC_bc44d.dir/build.make CMakeFiles/cmTC_bc44d.dir/build
make[1]: Entering directory '/home/ciccio/Robotica_Cognitiva/pepper_ros/build/move_head/CMakeFiles/CMakeTmp'
Building C object CMakeFiles/cmTC_bc44d.dir/CheckSymbolExists.c.o
/usr/bin/cc    -o CMakeFiles/cmTC_bc44d.dir/CheckSymbolExists.c.o   -c /home/ciccio/Robotica_Cognitiva/pepper_ros/build/move_head/CMakeFiles/CMakeTmp/CheckSymbolExists.c
Linking C executable cmTC_bc44d
/usr/bin/cmake -E cmake_link_script CMakeFiles/cmTC_bc44d.dir/link.txt --verbose=1
/usr/bin/cc      -rdynamic CMakeFiles/cmTC_bc44d.dir/CheckSymbolExists.c.o  -o cmTC_bc44d 
CMakeFiles/cmTC_bc44d.dir/CheckSymbolExists.c.o: In function `main':
CheckSymbolExists.c:(.text+0x1b): undefined reference to `pthread_create'
collect2: error: ld returned 1 exit status
CMakeFiles/cmTC_bc44d.dir/build.make:97: recipe for target 'cmTC_bc44d' failed
make[1]: *** [cmTC_bc44d] Error 1
make[1]: Leaving directory '/home/ciccio/Robotica_Cognitiva/pepper_ros/build/move_head/CMakeFiles/CMakeTmp'
Makefile:126: recipe for target 'cmTC_bc44d/fast' failed
make: *** [cmTC_bc44d/fast] Error 2

File /home/ciccio/Robotica_Cognitiva/pepper_ros/build/move_head/CMakeFiles/CMakeTmp/CheckSymbolExists.c:
/* */
#include <pthread.h>

int main(int argc, char** argv)
{
  (void)argv;
#ifndef pthread_create
  return ((int*)(&pthread_create))[argc];
#else
  (void)argc;
  return 0;
#endif
}

Determining if the function pthread_create exists in the pthreads failed with the following output:
Change Dir: /home/ciccio/Robotica_Cognitiva/pepper_ros/build/move_head/CMakeFiles/CMakeTmp

Run Build Command:"/usr/bin/make" "cmTC_b64bf/fast"
/usr/bin/make -f CMakeFiles/cmTC_b64bf.dir/build.make CMakeFiles/cmTC_b64bf.dir/build
make[1]: Entering directory '/home/ciccio/Robotica_Cognitiva/pepper_ros/build/move_head/CMakeFiles/CMakeTmp'
Building C object CMakeFiles/cmTC_b64bf.dir/CheckFunctionExists.c.o
/usr/bin/cc   -DCHECK_FUNCTION_EXISTS=pthread_create   -o CMakeFiles/cmTC_b64bf.dir/CheckFunctionExists.c.o   -c /usr/share/cmake-3.10/Modules/CheckFunctionExists.c
Linking C executable cmTC_b64bf
/usr/bin/cmake -E cmake_link_script CMakeFiles/cmTC_b64bf.dir/link.txt --verbose=1
/usr/bin/cc  -DCHECK_FUNCTION_EXISTS=pthread_create    -rdynamic CMakeFiles/cmTC_b64bf.dir/CheckFunctionExists.c.o  -o cmTC_b64bf -lpthreads 
/usr/bin/ld: cannot find -lpthreads
collect2: error: ld returned 1 exit status
CMakeFiles/cmTC_b64bf.dir/build.make:97: recipe for target 'cmTC_b64bf' failed
make[1]: *** [cmTC_b64bf] Error 1
make[1]: Leaving directory '/home/ciccio/Robotica_Cognitiva/pepper_ros/build/move_head/CMakeFiles/CMakeTmp'
Makefile:126: recipe for target 'cmTC_b64bf/fast' failed
make: *** [cmTC_b64bf/fast] Error 2


