Linked: (/home/mivia/pepper_ros_ws/devel/.private/pepper_talk/lib/python2.7/dist-packages/pepper_talk/__init__.py, /home/mivia/pepper_ros_ws/devel/lib/python2.7/dist-packages/pepper_talk/__init__.py)
Linked: (/home/mivia/pepper_ros_ws/devel/.private/pepper_talk/lib/python2.7/dist-packages/pepper_talk/srv/_Say.py, /home/mivia/pepper_ros_ws/devel/lib/python2.7/dist-packages/pepper_talk/srv/_Say.py)
Linked: (/home/mivia/pepper_ros_ws/devel/.private/pepper_talk/lib/python2.7/dist-packages/pepper_talk/srv/__init__.py, /home/mivia/pepper_ros_ws/devel/lib/python2.7/dist-packages/pepper_talk/srv/__init__.py)
Linked: (/home/mivia/pepper_ros_ws/devel/.private/pepper_talk/lib/pkgconfig/pepper_talk.pc, /home/mivia/pepper_ros_ws/devel/lib/pkgconfig/pepper_talk.pc)
Linked: (/home/mivia/pepper_ros_ws/devel/.private/pepper_talk/include/pepper_talk/SayRequest.h, /home/mivia/pepper_ros_ws/devel/include/pepper_talk/SayRequest.h)
Linked: (/home/mivia/pepper_ros_ws/devel/.private/pepper_talk/include/pepper_talk/Say.h, /home/mivia/pepper_ros_ws/devel/include/pepper_talk/Say.h)
Linked: (/home/mivia/pepper_ros_ws/devel/.private/pepper_talk/include/pepper_talk/SayResponse.h, /home/mivia/pepper_ros_ws/devel/include/pepper_talk/SayResponse.h)
Linked: (/home/mivia/pepper_ros_ws/devel/.private/pepper_talk/share/gennodejs/ros/pepper_talk/_index.js, /home/mivia/pepper_ros_ws/devel/share/gennodejs/ros/pepper_talk/_index.js)
Linked: (/home/mivia/pepper_ros_ws/devel/.private/pepper_talk/share/gennodejs/ros/pepper_talk/srv/_index.js, /home/mivia/pepper_ros_ws/devel/share/gennodejs/ros/pepper_talk/srv/_index.js)
Linked: (/home/mivia/pepper_ros_ws/devel/.private/pepper_talk/share/gennodejs/ros/pepper_talk/srv/Say.js, /home/mivia/pepper_ros_ws/devel/share/gennodejs/ros/pepper_talk/srv/Say.js)
Linked: (/home/mivia/pepper_ros_ws/devel/.private/pepper_talk/share/pepper_talk/cmake/pepper_talk-msg-extras.cmake, /home/mivia/pepper_ros_ws/devel/share/pepper_talk/cmake/pepper_talk-msg-extras.cmake)
Linked: (/home/mivia/pepper_ros_ws/devel/.private/pepper_talk/share/pepper_talk/cmake/pepper_talk-msg-paths.cmake, /home/mivia/pepper_ros_ws/devel/share/pepper_talk/cmake/pepper_talk-msg-paths.cmake)
Linked: (/home/mivia/pepper_ros_ws/devel/.private/pepper_talk/share/pepper_talk/cmake/pepper_talkConfig.cmake, /home/mivia/pepper_ros_ws/devel/share/pepper_talk/cmake/pepper_talkConfig.cmake)
Linked: (/home/mivia/pepper_ros_ws/devel/.private/pepper_talk/share/pepper_talk/cmake/pepper_talkConfig-version.cmake, /home/mivia/pepper_ros_ws/devel/share/pepper_talk/cmake/pepper_talkConfig-version.cmake)
Linked: (/home/mivia/pepper_ros_ws/devel/.private/pepper_talk/share/common-lisp/ros/pepper_talk/srv/Say.lisp, /home/mivia/pepper_ros_ws/devel/share/common-lisp/ros/pepper_talk/srv/Say.lisp)
Linked: (/home/mivia/pepper_ros_ws/devel/.private/pepper_talk/share/common-lisp/ros/pepper_talk/srv/pepper_talk-srv.asd, /home/mivia/pepper_ros_ws/devel/share/common-lisp/ros/pepper_talk/srv/pepper_talk-srv.asd)
Linked: (/home/mivia/pepper_ros_ws/devel/.private/pepper_talk/share/common-lisp/ros/pepper_talk/srv/_package_Say.lisp, /home/mivia/pepper_ros_ws/devel/share/common-lisp/ros/pepper_talk/srv/_package_Say.lisp)
Linked: (/home/mivia/pepper_ros_ws/devel/.private/pepper_talk/share/common-lisp/ros/pepper_talk/srv/_package.lisp, /home/mivia/pepper_ros_ws/devel/share/common-lisp/ros/pepper_talk/srv/_package.lisp)
Linked: (/home/mivia/pepper_ros_ws/devel/.private/pepper_talk/share/roseus/ros/pepper_talk/manifest.l, /home/mivia/pepper_ros_ws/devel/share/roseus/ros/pepper_talk/manifest.l)
Linked: (/home/mivia/pepper_ros_ws/devel/.private/pepper_talk/share/roseus/ros/pepper_talk/srv/Say.l, /home/mivia/pepper_ros_ws/devel/share/roseus/ros/pepper_talk/srv/Say.l)
