[35m[1mScanning dependencies of target _pepper_talk_generate_messages_check_deps_Say[0m
[  0%] Built target _pepper_talk_generate_messages_check_deps_Say
[35m[1mScanning dependencies of target pepper_talk_generate_messages_nodejs[0m
[35m[1mScanning dependencies of target pepper_talk_generate_messages_py[0m
[ 14%] [34m[1mGenerating Javascript code from pepper_talk/Say.srv[0m
[ 28%] [34m[1mGenerating Python code from SRV pepper_talk/Say[0m
[ 28%] Built target pepper_talk_generate_messages_nodejs
[35m[1mScanning dependencies of target pepper_talk_generate_messages_cpp[0m
[ 42%] [34m[1mGenerating C++ code from pepper_talk/Say.srv[0m
[ 57%] [34m[1mGenerating Python srv __init__.py for pepper_talk[0m
[ 57%] Built target pepper_talk_generate_messages_py
[35m[1mScanning dependencies of target pepper_talk_generate_messages_lisp[0m
[ 71%] [34m[1mGenerating Lisp code from pepper_talk/Say.srv[0m
[ 71%] Built target pepper_talk_generate_messages_lisp
[35m[1mScanning dependencies of target pepper_talk_generate_messages_eus[0m
[ 85%] [34m[1mGenerating EusLisp code from pepper_talk/Say.srv[0m
[ 85%] Built target pepper_talk_generate_messages_cpp
[100%] [34m[1mGenerating EusLisp manifest code for pepper_talk[0m
[100%] Built target pepper_talk_generate_messages_eus
[35m[1mScanning dependencies of target pepper_talk_generate_messages[0m
[100%] Built target pepper_talk_generate_messages
