Symlinking /home/ciccio/Robotica_Cognitiva/pepper_ros/devel/lib/pkgconfig/pepper_talk.pc
Symlinking /home/ciccio/Robotica_Cognitiva/pepper_ros/devel/lib/python2.7/dist-packages/pepper_talk/__init__.py
Symlinking /home/ciccio/Robotica_Cognitiva/pepper_ros/devel/lib/python2.7/dist-packages/pepper_talk/srv/_Say.py
Symlinking /home/ciccio/Robotica_Cognitiva/pepper_ros/devel/lib/python2.7/dist-packages/pepper_talk/srv/__init__.py
Symlinking /home/ciccio/Robotica_Cognitiva/pepper_ros/devel/include/pepper_talk/Say.h
Symlinking /home/ciccio/Robotica_Cognitiva/pepper_ros/devel/include/pepper_talk/SayResponse.h
Symlinking /home/ciccio/Robotica_Cognitiva/pepper_ros/devel/include/pepper_talk/SayRequest.h
Symlinking /home/ciccio/Robotica_Cognitiva/pepper_ros/devel/share/gennodejs/ros/pepper_talk/_index.js
Symlinking /home/ciccio/Robotica_Cognitiva/pepper_ros/devel/share/gennodejs/ros/pepper_talk/srv/Say.js
Symlinking /home/ciccio/Robotica_Cognitiva/pepper_ros/devel/share/gennodejs/ros/pepper_talk/srv/_index.js
Symlinking /home/ciccio/Robotica_Cognitiva/pepper_ros/devel/share/roseus/ros/pepper_talk/manifest.l
Symlinking /home/ciccio/Robotica_Cognitiva/pepper_ros/devel/share/roseus/ros/pepper_talk/srv/Say.l
Symlinking /home/ciccio/Robotica_Cognitiva/pepper_ros/devel/share/common-lisp/ros/pepper_talk/srv/pepper_talk-srv.asd
Symlinking /home/ciccio/Robotica_Cognitiva/pepper_ros/devel/share/common-lisp/ros/pepper_talk/srv/_package_Say.lisp
Symlinking /home/ciccio/Robotica_Cognitiva/pepper_ros/devel/share/common-lisp/ros/pepper_talk/srv/Say.lisp
Symlinking /home/ciccio/Robotica_Cognitiva/pepper_ros/devel/share/common-lisp/ros/pepper_talk/srv/_package.lisp
Symlinking /home/ciccio/Robotica_Cognitiva/pepper_ros/devel/share/pepper_talk/cmake/pepper_talkConfig-version.cmake
Symlinking /home/ciccio/Robotica_Cognitiva/pepper_ros/devel/share/pepper_talk/cmake/pepper_talk-msg-paths.cmake
Symlinking /home/ciccio/Robotica_Cognitiva/pepper_ros/devel/share/pepper_talk/cmake/pepper_talk-msg-extras.cmake
Symlinking /home/ciccio/Robotica_Cognitiva/pepper_ros/devel/share/pepper_talk/cmake/pepper_talkConfig.cmake
