Determining if the pthread_create exist failed with the following output:
Change Dir: /home/ciccio/Robotica_Cognitiva/pepper_ros/build/pepper_talk/CMakeFiles/CMakeTmp

Run Build Command:"/usr/bin/make" "cmTC_d168e/fast"
/usr/bin/make -f CMakeFiles/cmTC_d168e.dir/build.make CMakeFiles/cmTC_d168e.dir/build
make[1]: Entering directory '/home/ciccio/Robotica_Cognitiva/pepper_ros/build/pepper_talk/CMakeFiles/CMakeTmp'
Building C object CMakeFiles/cmTC_d168e.dir/CheckSymbolExists.c.o
/usr/bin/cc    -o CMakeFiles/cmTC_d168e.dir/CheckSymbolExists.c.o   -c /home/ciccio/Robotica_Cognitiva/pepper_ros/build/pepper_talk/CMakeFiles/CMakeTmp/CheckSymbolExists.c
Linking C executable cmTC_d168e
/usr/bin/cmake -E cmake_link_script CMakeFiles/cmTC_d168e.dir/link.txt --verbose=1
/usr/bin/cc      -rdynamic CMakeFiles/cmTC_d168e.dir/CheckSymbolExists.c.o  -o cmTC_d168e 
CMakeFiles/cmTC_d168e.dir/CheckSymbolExists.c.o: In function `main':
CheckSymbolExists.c:(.text+0x1b): undefined reference to `pthread_create'
collect2: error: ld returned 1 exit status
CMakeFiles/cmTC_d168e.dir/build.make:97: recipe for target 'cmTC_d168e' failed
make[1]: *** [cmTC_d168e] Error 1
make[1]: Leaving directory '/home/ciccio/Robotica_Cognitiva/pepper_ros/build/pepper_talk/CMakeFiles/CMakeTmp'
Makefile:126: recipe for target 'cmTC_d168e/fast' failed
make: *** [cmTC_d168e/fast] Error 2

File /home/ciccio/Robotica_Cognitiva/pepper_ros/build/pepper_talk/CMakeFiles/CMakeTmp/CheckSymbolExists.c:
/* */
#include <pthread.h>

int main(int argc, char** argv)
{
  (void)argv;
#ifndef pthread_create
  return ((int*)(&pthread_create))[argc];
#else
  (void)argc;
  return 0;
#endif
}

Determining if the function pthread_create exists in the pthreads failed with the following output:
Change Dir: /home/ciccio/Robotica_Cognitiva/pepper_ros/build/pepper_talk/CMakeFiles/CMakeTmp

Run Build Command:"/usr/bin/make" "cmTC_d1dcb/fast"
/usr/bin/make -f CMakeFiles/cmTC_d1dcb.dir/build.make CMakeFiles/cmTC_d1dcb.dir/build
make[1]: Entering directory '/home/ciccio/Robotica_Cognitiva/pepper_ros/build/pepper_talk/CMakeFiles/CMakeTmp'
Building C object CMakeFiles/cmTC_d1dcb.dir/CheckFunctionExists.c.o
/usr/bin/cc   -DCHECK_FUNCTION_EXISTS=pthread_create   -o CMakeFiles/cmTC_d1dcb.dir/CheckFunctionExists.c.o   -c /usr/share/cmake-3.10/Modules/CheckFunctionExists.c
Linking C executable cmTC_d1dcb
/usr/bin/cmake -E cmake_link_script CMakeFiles/cmTC_d1dcb.dir/link.txt --verbose=1
/usr/bin/cc  -DCHECK_FUNCTION_EXISTS=pthread_create    -rdynamic CMakeFiles/cmTC_d1dcb.dir/CheckFunctionExists.c.o  -o cmTC_d1dcb -lpthreads 
/usr/bin/ld: cannot find -lpthreads
collect2: error: ld returned 1 exit status
CMakeFiles/cmTC_d1dcb.dir/build.make:97: recipe for target 'cmTC_d1dcb' failed
make[1]: *** [cmTC_d1dcb] Error 1
make[1]: Leaving directory '/home/ciccio/Robotica_Cognitiva/pepper_ros/build/pepper_talk/CMakeFiles/CMakeTmp'
Makefile:126: recipe for target 'cmTC_d1dcb/fast' failed
make: *** [cmTC_d1dcb/fast] Error 2


