Linked: (/home/ciccio/Robotica_Cognitiva/pepper_ros/devel/.private/detection_srv/lib/pkgconfig/detection_srv.pc, /home/ciccio/Robotica_Cognitiva/pepper_ros/devel/lib/pkgconfig/detection_srv.pc)
Linked: (/home/ciccio/Robotica_Cognitiva/pepper_ros/devel/.private/detection_srv/lib/python2.7/dist-packages/detection_srv/__init__.py, /home/ciccio/Robotica_Cognitiva/pepper_ros/devel/lib/python2.7/dist-packages/detection_srv/__init__.py)
Linked: (/home/ciccio/Robotica_Cognitiva/pepper_ros/devel/.private/detection_srv/lib/python2.7/dist-packages/detection_srv/srv/__init__.py, /home/ciccio/Robotica_Cognitiva/pepper_ros/devel/lib/python2.7/dist-packages/detection_srv/srv/__init__.py)
Linked: (/home/ciccio/Robotica_Cognitiva/pepper_ros/devel/.private/detection_srv/lib/python2.7/dist-packages/detection_srv/srv/_Detector.py, /home/ciccio/Robotica_Cognitiva/pepper_ros/devel/lib/python2.7/dist-packages/detection_srv/srv/_Detector.py)
Linked: (/home/ciccio/Robotica_Cognitiva/pepper_ros/devel/.private/detection_srv/include/detection_srv/DetectorRequest.h, /home/ciccio/Robotica_Cognitiva/pepper_ros/devel/include/detection_srv/DetectorRequest.h)
Linked: (/home/ciccio/Robotica_Cognitiva/pepper_ros/devel/.private/detection_srv/include/detection_srv/Detector.h, /home/ciccio/Robotica_Cognitiva/pepper_ros/devel/include/detection_srv/Detector.h)
Linked: (/home/ciccio/Robotica_Cognitiva/pepper_ros/devel/.private/detection_srv/include/detection_srv/DetectorResponse.h, /home/ciccio/Robotica_Cognitiva/pepper_ros/devel/include/detection_srv/DetectorResponse.h)
Linked: (/home/ciccio/Robotica_Cognitiva/pepper_ros/devel/.private/detection_srv/share/gennodejs/ros/detection_srv/_index.js, /home/ciccio/Robotica_Cognitiva/pepper_ros/devel/share/gennodejs/ros/detection_srv/_index.js)
Linked: (/home/ciccio/Robotica_Cognitiva/pepper_ros/devel/.private/detection_srv/share/gennodejs/ros/detection_srv/srv/Detector.js, /home/ciccio/Robotica_Cognitiva/pepper_ros/devel/share/gennodejs/ros/detection_srv/srv/Detector.js)
Linked: (/home/ciccio/Robotica_Cognitiva/pepper_ros/devel/.private/detection_srv/share/gennodejs/ros/detection_srv/srv/_index.js, /home/ciccio/Robotica_Cognitiva/pepper_ros/devel/share/gennodejs/ros/detection_srv/srv/_index.js)
Linked: (/home/ciccio/Robotica_Cognitiva/pepper_ros/devel/.private/detection_srv/share/roseus/ros/detection_srv/manifest.l, /home/ciccio/Robotica_Cognitiva/pepper_ros/devel/share/roseus/ros/detection_srv/manifest.l)
Linked: (/home/ciccio/Robotica_Cognitiva/pepper_ros/devel/.private/detection_srv/share/roseus/ros/detection_srv/srv/Detector.l, /home/ciccio/Robotica_Cognitiva/pepper_ros/devel/share/roseus/ros/detection_srv/srv/Detector.l)
Linked: (/home/ciccio/Robotica_Cognitiva/pepper_ros/devel/.private/detection_srv/share/common-lisp/ros/detection_srv/srv/Detector.lisp, /home/ciccio/Robotica_Cognitiva/pepper_ros/devel/share/common-lisp/ros/detection_srv/srv/Detector.lisp)
Linked: (/home/ciccio/Robotica_Cognitiva/pepper_ros/devel/.private/detection_srv/share/common-lisp/ros/detection_srv/srv/detection_srv-srv.asd, /home/ciccio/Robotica_Cognitiva/pepper_ros/devel/share/common-lisp/ros/detection_srv/srv/detection_srv-srv.asd)
Linked: (/home/ciccio/Robotica_Cognitiva/pepper_ros/devel/.private/detection_srv/share/common-lisp/ros/detection_srv/srv/_package_Detector.lisp, /home/ciccio/Robotica_Cognitiva/pepper_ros/devel/share/common-lisp/ros/detection_srv/srv/_package_Detector.lisp)
Linked: (/home/ciccio/Robotica_Cognitiva/pepper_ros/devel/.private/detection_srv/share/common-lisp/ros/detection_srv/srv/_package.lisp, /home/ciccio/Robotica_Cognitiva/pepper_ros/devel/share/common-lisp/ros/detection_srv/srv/_package.lisp)
Linked: (/home/ciccio/Robotica_Cognitiva/pepper_ros/devel/.private/detection_srv/share/detection_srv/cmake/detection_srvConfig.cmake, /home/ciccio/Robotica_Cognitiva/pepper_ros/devel/share/detection_srv/cmake/detection_srvConfig.cmake)
Linked: (/home/ciccio/Robotica_Cognitiva/pepper_ros/devel/.private/detection_srv/share/detection_srv/cmake/detection_srv-msg-extras.cmake, /home/ciccio/Robotica_Cognitiva/pepper_ros/devel/share/detection_srv/cmake/detection_srv-msg-extras.cmake)
Linked: (/home/ciccio/Robotica_Cognitiva/pepper_ros/devel/.private/detection_srv/share/detection_srv/cmake/detection_srvConfig-version.cmake, /home/ciccio/Robotica_Cognitiva/pepper_ros/devel/share/detection_srv/cmake/detection_srvConfig-version.cmake)
Linked: (/home/ciccio/Robotica_Cognitiva/pepper_ros/devel/.private/detection_srv/share/detection_srv/cmake/detection_srv-msg-paths.cmake, /home/ciccio/Robotica_Cognitiva/pepper_ros/devel/share/detection_srv/cmake/detection_srv-msg-paths.cmake)
