Symlinking /home/ciccio/Robotica_Cognitiva/pepper_ros/devel/lib/pkgconfig/detection_srv.pc
Symlinking /home/ciccio/Robotica_Cognitiva/pepper_ros/devel/lib/python2.7/dist-packages/detection_srv/__init__.py
Symlinking /home/ciccio/Robotica_Cognitiva/pepper_ros/devel/lib/python2.7/dist-packages/detection_srv/srv/__init__.py
Symlinking /home/ciccio/Robotica_Cognitiva/pepper_ros/devel/lib/python2.7/dist-packages/detection_srv/srv/_Detector.py
Symlinking /home/ciccio/Robotica_Cognitiva/pepper_ros/devel/include/detection_srv/DetectorRequest.h
Symlinking /home/ciccio/Robotica_Cognitiva/pepper_ros/devel/include/detection_srv/Detector.h
Symlinking /home/ciccio/Robotica_Cognitiva/pepper_ros/devel/include/detection_srv/DetectorResponse.h
Symlinking /home/ciccio/Robotica_Cognitiva/pepper_ros/devel/share/gennodejs/ros/detection_srv/_index.js
Symlinking /home/ciccio/Robotica_Cognitiva/pepper_ros/devel/share/gennodejs/ros/detection_srv/srv/Detector.js
Symlinking /home/ciccio/Robotica_Cognitiva/pepper_ros/devel/share/gennodejs/ros/detection_srv/srv/_index.js
Symlinking /home/ciccio/Robotica_Cognitiva/pepper_ros/devel/share/roseus/ros/detection_srv/manifest.l
Symlinking /home/ciccio/Robotica_Cognitiva/pepper_ros/devel/share/roseus/ros/detection_srv/srv/Detector.l
Symlinking /home/ciccio/Robotica_Cognitiva/pepper_ros/devel/share/common-lisp/ros/detection_srv/srv/Detector.lisp
Symlinking /home/ciccio/Robotica_Cognitiva/pepper_ros/devel/share/common-lisp/ros/detection_srv/srv/detection_srv-srv.asd
Symlinking /home/ciccio/Robotica_Cognitiva/pepper_ros/devel/share/common-lisp/ros/detection_srv/srv/_package_Detector.lisp
Symlinking /home/ciccio/Robotica_Cognitiva/pepper_ros/devel/share/common-lisp/ros/detection_srv/srv/_package.lisp
Symlinking /home/ciccio/Robotica_Cognitiva/pepper_ros/devel/share/detection_srv/cmake/detection_srvConfig.cmake
Symlinking /home/ciccio/Robotica_Cognitiva/pepper_ros/devel/share/detection_srv/cmake/detection_srv-msg-extras.cmake
Symlinking /home/ciccio/Robotica_Cognitiva/pepper_ros/devel/share/detection_srv/cmake/detection_srvConfig-version.cmake
Symlinking /home/ciccio/Robotica_Cognitiva/pepper_ros/devel/share/detection_srv/cmake/detection_srv-msg-paths.cmake
