Determining if the pthread_create exist failed with the following output:
Change Dir: /home/ciccio/Robotica_Cognitiva/pepper_ros/build/naoqi_navigation/CMakeFiles/CMakeTmp

Run Build Command:"/usr/bin/make" "cmTC_a87f6/fast"
/usr/bin/make -f CMakeFiles/cmTC_a87f6.dir/build.make CMakeFiles/cmTC_a87f6.dir/build
make[1]: Entering directory '/home/ciccio/Robotica_Cognitiva/pepper_ros/build/naoqi_navigation/CMakeFiles/CMakeTmp'
Building C object CMakeFiles/cmTC_a87f6.dir/CheckSymbolExists.c.o
/usr/bin/cc    -o CMakeFiles/cmTC_a87f6.dir/CheckSymbolExists.c.o   -c /home/ciccio/Robotica_Cognitiva/pepper_ros/build/naoqi_navigation/CMakeFiles/CMakeTmp/CheckSymbolExists.c
Linking C executable cmTC_a87f6
/usr/bin/cmake -E cmake_link_script CMakeFiles/cmTC_a87f6.dir/link.txt --verbose=1
/usr/bin/cc      -rdynamic CMakeFiles/cmTC_a87f6.dir/CheckSymbolExists.c.o  -o cmTC_a87f6 
CMakeFiles/cmTC_a87f6.dir/CheckSymbolExists.c.o: In function `main':
CheckSymbolExists.c:(.text+0x1b): undefined reference to `pthread_create'
collect2: error: ld returned 1 exit status
CMakeFiles/cmTC_a87f6.dir/build.make:97: recipe for target 'cmTC_a87f6' failed
make[1]: *** [cmTC_a87f6] Error 1
make[1]: Leaving directory '/home/ciccio/Robotica_Cognitiva/pepper_ros/build/naoqi_navigation/CMakeFiles/CMakeTmp'
Makefile:126: recipe for target 'cmTC_a87f6/fast' failed
make: *** [cmTC_a87f6/fast] Error 2

File /home/ciccio/Robotica_Cognitiva/pepper_ros/build/naoqi_navigation/CMakeFiles/CMakeTmp/CheckSymbolExists.c:
/* */
#include <pthread.h>

int main(int argc, char** argv)
{
  (void)argv;
#ifndef pthread_create
  return ((int*)(&pthread_create))[argc];
#else
  (void)argc;
  return 0;
#endif
}

Determining if the function pthread_create exists in the pthreads failed with the following output:
Change Dir: /home/ciccio/Robotica_Cognitiva/pepper_ros/build/naoqi_navigation/CMakeFiles/CMakeTmp

Run Build Command:"/usr/bin/make" "cmTC_7fc01/fast"
/usr/bin/make -f CMakeFiles/cmTC_7fc01.dir/build.make CMakeFiles/cmTC_7fc01.dir/build
make[1]: Entering directory '/home/ciccio/Robotica_Cognitiva/pepper_ros/build/naoqi_navigation/CMakeFiles/CMakeTmp'
Building C object CMakeFiles/cmTC_7fc01.dir/CheckFunctionExists.c.o
/usr/bin/cc   -DCHECK_FUNCTION_EXISTS=pthread_create   -o CMakeFiles/cmTC_7fc01.dir/CheckFunctionExists.c.o   -c /usr/share/cmake-3.10/Modules/CheckFunctionExists.c
Linking C executable cmTC_7fc01
/usr/bin/cmake -E cmake_link_script CMakeFiles/cmTC_7fc01.dir/link.txt --verbose=1
/usr/bin/cc  -DCHECK_FUNCTION_EXISTS=pthread_create    -rdynamic CMakeFiles/cmTC_7fc01.dir/CheckFunctionExists.c.o  -o cmTC_7fc01 -lpthreads 
/usr/bin/ld: cannot find -lpthreads
collect2: error: ld returned 1 exit status
CMakeFiles/cmTC_7fc01.dir/build.make:97: recipe for target 'cmTC_7fc01' failed
make[1]: *** [cmTC_7fc01] Error 1
make[1]: Leaving directory '/home/ciccio/Robotica_Cognitiva/pepper_ros/build/naoqi_navigation/CMakeFiles/CMakeTmp'
Makefile:126: recipe for target 'cmTC_7fc01/fast' failed
make: *** [cmTC_7fc01/fast] Error 2


