Linked: (/home/mivia/pepper_ros_ws/devel/.private/move_head/lib/python2.7/dist-packages/move_head/__init__.py, /home/mivia/pepper_ros_ws/devel/lib/python2.7/dist-packages/move_head/__init__.py)
Linked: (/home/mivia/pepper_ros_ws/devel/.private/move_head/lib/python2.7/dist-packages/move_head/srv/_Head_position.py, /home/mivia/pepper_ros_ws/devel/lib/python2.7/dist-packages/move_head/srv/_Head_position.py)
Linked: (/home/mivia/pepper_ros_ws/devel/.private/move_head/lib/python2.7/dist-packages/move_head/srv/__init__.py, /home/mivia/pepper_ros_ws/devel/lib/python2.7/dist-packages/move_head/srv/__init__.py)
Linked: (/home/mivia/pepper_ros_ws/devel/.private/move_head/lib/pkgconfig/move_head.pc, /home/mivia/pepper_ros_ws/devel/lib/pkgconfig/move_head.pc)
Linked: (/home/mivia/pepper_ros_ws/devel/.private/move_head/include/move_head/Head_positionResponse.h, /home/mivia/pepper_ros_ws/devel/include/move_head/Head_positionResponse.h)
Linked: (/home/mivia/pepper_ros_ws/devel/.private/move_head/include/move_head/Head_position.h, /home/mivia/pepper_ros_ws/devel/include/move_head/Head_position.h)
Linked: (/home/mivia/pepper_ros_ws/devel/.private/move_head/include/move_head/Head_positionRequest.h, /home/mivia/pepper_ros_ws/devel/include/move_head/Head_positionRequest.h)
Linked: (/home/mivia/pepper_ros_ws/devel/.private/move_head/share/gennodejs/ros/move_head/_index.js, /home/mivia/pepper_ros_ws/devel/share/gennodejs/ros/move_head/_index.js)
Linked: (/home/mivia/pepper_ros_ws/devel/.private/move_head/share/gennodejs/ros/move_head/srv/_index.js, /home/mivia/pepper_ros_ws/devel/share/gennodejs/ros/move_head/srv/_index.js)
Linked: (/home/mivia/pepper_ros_ws/devel/.private/move_head/share/gennodejs/ros/move_head/srv/Head_position.js, /home/mivia/pepper_ros_ws/devel/share/gennodejs/ros/move_head/srv/Head_position.js)
Linked: (/home/mivia/pepper_ros_ws/devel/.private/move_head/share/common-lisp/ros/move_head/srv/_package_Head_position.lisp, /home/mivia/pepper_ros_ws/devel/share/common-lisp/ros/move_head/srv/_package_Head_position.lisp)
Linked: (/home/mivia/pepper_ros_ws/devel/.private/move_head/share/common-lisp/ros/move_head/srv/_package.lisp, /home/mivia/pepper_ros_ws/devel/share/common-lisp/ros/move_head/srv/_package.lisp)
Linked: (/home/mivia/pepper_ros_ws/devel/.private/move_head/share/common-lisp/ros/move_head/srv/move_head-srv.asd, /home/mivia/pepper_ros_ws/devel/share/common-lisp/ros/move_head/srv/move_head-srv.asd)
Linked: (/home/mivia/pepper_ros_ws/devel/.private/move_head/share/common-lisp/ros/move_head/srv/Head_position.lisp, /home/mivia/pepper_ros_ws/devel/share/common-lisp/ros/move_head/srv/Head_position.lisp)
Linked: (/home/mivia/pepper_ros_ws/devel/.private/move_head/share/roseus/ros/move_head/manifest.l, /home/mivia/pepper_ros_ws/devel/share/roseus/ros/move_head/manifest.l)
Linked: (/home/mivia/pepper_ros_ws/devel/.private/move_head/share/roseus/ros/move_head/srv/Head_position.l, /home/mivia/pepper_ros_ws/devel/share/roseus/ros/move_head/srv/Head_position.l)
Linked: (/home/mivia/pepper_ros_ws/devel/.private/move_head/share/move_head/cmake/move_head-msg-extras.cmake, /home/mivia/pepper_ros_ws/devel/share/move_head/cmake/move_head-msg-extras.cmake)
Linked: (/home/mivia/pepper_ros_ws/devel/.private/move_head/share/move_head/cmake/move_headConfig-version.cmake, /home/mivia/pepper_ros_ws/devel/share/move_head/cmake/move_headConfig-version.cmake)
Linked: (/home/mivia/pepper_ros_ws/devel/.private/move_head/share/move_head/cmake/move_head-msg-paths.cmake, /home/mivia/pepper_ros_ws/devel/share/move_head/cmake/move_head-msg-paths.cmake)
Linked: (/home/mivia/pepper_ros_ws/devel/.private/move_head/share/move_head/cmake/move_headConfig.cmake, /home/mivia/pepper_ros_ws/devel/share/move_head/cmake/move_headConfig.cmake)
