Symlinking /home/ciccio/Robotica_Cognitiva/pepper_ros/devel/lib/pkgconfig/move_head.pc
Symlinking /home/ciccio/Robotica_Cognitiva/pepper_ros/devel/lib/python2.7/dist-packages/move_head/__init__.py
Symlinking /home/ciccio/Robotica_Cognitiva/pepper_ros/devel/lib/python2.7/dist-packages/move_head/srv/_Head_position.py
Symlinking /home/ciccio/Robotica_Cognitiva/pepper_ros/devel/lib/python2.7/dist-packages/move_head/srv/__init__.py
Symlinking /home/ciccio/Robotica_Cognitiva/pepper_ros/devel/include/move_head/Head_position.h
Symlinking /home/ciccio/Robotica_Cognitiva/pepper_ros/devel/include/move_head/Head_positionRequest.h
Symlinking /home/ciccio/Robotica_Cognitiva/pepper_ros/devel/include/move_head/Head_positionResponse.h
Symlinking /home/ciccio/Robotica_Cognitiva/pepper_ros/devel/share/move_head/cmake/move_head-msg-paths.cmake
Symlinking /home/ciccio/Robotica_Cognitiva/pepper_ros/devel/share/move_head/cmake/move_head-msg-extras.cmake
Symlinking /home/ciccio/Robotica_Cognitiva/pepper_ros/devel/share/move_head/cmake/move_headConfig-version.cmake
Symlinking /home/ciccio/Robotica_Cognitiva/pepper_ros/devel/share/move_head/cmake/move_headConfig.cmake
Symlinking /home/ciccio/Robotica_Cognitiva/pepper_ros/devel/share/gennodejs/ros/move_head/_index.js
Symlinking /home/ciccio/Robotica_Cognitiva/pepper_ros/devel/share/gennodejs/ros/move_head/srv/_index.js
Symlinking /home/ciccio/Robotica_Cognitiva/pepper_ros/devel/share/gennodejs/ros/move_head/srv/Head_position.js
Symlinking /home/ciccio/Robotica_Cognitiva/pepper_ros/devel/share/roseus/ros/move_head/manifest.l
Symlinking /home/ciccio/Robotica_Cognitiva/pepper_ros/devel/share/roseus/ros/move_head/srv/Head_position.l
Symlinking /home/ciccio/Robotica_Cognitiva/pepper_ros/devel/share/common-lisp/ros/move_head/srv/_package_Head_position.lisp
Symlinking /home/ciccio/Robotica_Cognitiva/pepper_ros/devel/share/common-lisp/ros/move_head/srv/Head_position.lisp
Symlinking /home/ciccio/Robotica_Cognitiva/pepper_ros/devel/share/common-lisp/ros/move_head/srv/_package.lisp
Symlinking /home/ciccio/Robotica_Cognitiva/pepper_ros/devel/share/common-lisp/ros/move_head/srv/move_head-srv.asd
