[35m[1mScanning dependencies of target _move_head_generate_messages_check_deps_Head_position[0m
[  0%] Built target _move_head_generate_messages_check_deps_Head_position
[35m[1mScanning dependencies of target move_head_generate_messages_nodejs[0m
[ 14%] [34m[1mGenerating Javascript code from move_head/Head_position.srv[0m
[ 14%] Built target move_head_generate_messages_nodejs
[35m[1mScanning dependencies of target move_head_generate_messages_py[0m
[ 28%] [34m[1mGenerating Python code from SRV move_head/Head_position[0m
[ 42%] [34m[1mGenerating Python srv __init__.py for move_head[0m
[ 42%] Built target move_head_generate_messages_py
[35m[1mScanning dependencies of target move_head_generate_messages_eus[0m
[ 57%] [34m[1mGenerating EusLisp code from move_head/Head_position.srv[0m
[ 71%] [34m[1mGenerating EusLisp manifest code for move_head[0m
[ 71%] Built target move_head_generate_messages_eus
[35m[1mScanning dependencies of target move_head_generate_messages_cpp[0m
[ 85%] [34m[1mGenerating C++ code from move_head/Head_position.srv[0m
[ 85%] Built target move_head_generate_messages_cpp
[35m[1mScanning dependencies of target move_head_generate_messages_lisp[0m
[100%] [34m[1mGenerating Lisp code from move_head/Head_position.srv[0m
[100%] Built target move_head_generate_messages_lisp
[35m[1mScanning dependencies of target move_head_generate_messages[0m
[100%] Built target move_head_generate_messages
